{"/home/ayan/ground-station/frontend/mcc/src/App.tsx": {"path":"/home/ayan/ground-station/frontend/mcc/src/App.tsx","all":false,"statementMap":{"0":{"start":{"line":1,"column":0},"end":{"line":1,"column":49}},"1":{"start":{"line":2,"column":0},"end":{"line":2,"column":48}},"2":{"start":{"line":3,"column":0},"end":{"line":3,"column":47}},"3":{"start":{"line":4,"column":0},"end":{"line":4,"column":35}},"4":{"start":{"line":5,"column":0},"end":{"line":5,"column":49}},"5":{"start":{"line":6,"column":0},"end":{"line":6,"column":57}},"7":{"start":{"line":8,"column":0},"end":{"line":8,"column":42}},"8":{"start":{"line":9,"column":0},"end":{"line":9,"column":40}},"9":{"start":{"line":10,"column":0},"end":{"line":10,"column":40}},"10":{"start":{"line":11,"column":0},"end":{"line":11,"column":36}},"11":{"start":{"line":12,"column":0},"end":{"line":12,"column":46}},"12":{"start":{"line":13,"column":0},"end":{"line":13,"column":34}},"13":{"start":{"line":14,"column":0},"end":{"line":14,"column":54}},"14":{"start":{"line":15,"column":0},"end":{"line":15,"column":56}},"15":{"start":{"line":16,"column":0},"end":{"line":16,"column":53}},"16":{"start":{"line":17,"column":0},"end":{"line":17,"column":42}},"22":{"start":{"line":23,"column":0},"end":{"line":23,"column":16}},"23":{"start":{"line":24,"column":0},"end":{"line":24,"column":10}},"24":{"start":{"line":25,"column":0},"end":{"line":25,"column":18}},"25":{"start":{"line":26,"column":0},"end":{"line":26,"column":21}},"26":{"start":{"line":27,"column":0},"end":{"line":27,"column":15}},"27":{"start":{"line":28,"column":0},"end":{"line":28,"column":22}},"28":{"start":{"line":29,"column":0},"end":{"line":29,"column":31}},"29":{"start":{"line":30,"column":0},"end":{"line":30,"column":18}},"30":{"start":{"line":31,"column":0},"end":{"line":31,"column":54}},"31":{"start":{"line":32,"column":0},"end":{"line":32,"column":18}},"32":{"start":{"line":33,"column":0},"end":{"line":33,"column":30}},"33":{"start":{"line":34,"column":0},"end":{"line":34,"column":23}},"34":{"start":{"line":35,"column":0},"end":{"line":35,"column":32}},"35":{"start":{"line":36,"column":0},"end":{"line":36,"column":30}},"36":{"start":{"line":37,"column":0},"end":{"line":37,"column":33}},"38":{"start":{"line":39,"column":0},"end":{"line":39,"column":14}},"39":{"start":{"line":40,"column":0},"end":{"line":40,"column":67}},"40":{"start":{"line":41,"column":0},"end":{"line":41,"column":68}},"41":{"start":{"line":42,"column":0},"end":{"line":42,"column":55}},"42":{"start":{"line":43,"column":0},"end":{"line":43,"column":63}},"43":{"start":{"line":44,"column":0},"end":{"line":44,"column":57}},"44":{"start":{"line":45,"column":0},"end":{"line":45,"column":57}},"45":{"start":{"line":46,"column":0},"end":{"line":46,"column":19}},"46":{"start":{"line":47,"column":0},"end":{"line":47,"column":14}},"47":{"start":{"line":48,"column":0},"end":{"line":48,"column":26}},"48":{"start":{"line":49,"column":0},"end":{"line":49,"column":22}},"49":{"start":{"line":50,"column":0},"end":{"line":50,"column":19}},"51":{"start":{"line":52,"column":0},"end":{"line":52,"column":1}},"53":{"start":{"line":54,"column":0},"end":{"line":54,"column":19}}},"s":{"0":1,"1":1,"2":1,"3":1,"4":1,"5":1,"7":1,"8":1,"9":1,"10":1,"11":1,"12":1,"13":1,"14":1,"15":1,"16":1,"22":1,"23":1,"24":1,"25":1,"26":1,"27":1,"28":1,"29":1,"30":1,"31":1,"32":1,"33":1,"34":1,"35":1,"36":1,"38":1,"39":1,"40":1,"41":1,"42":1,"43":1,"44":1,"45":1,"46":1,"47":1,"48":1,"49":1,"51":1,"53":1},"branchMap":{"0":{"type":"branch","line":23,"loc":{"start":{"line":23,"column":0},"end":{"line":52,"column":1}},"locations":[{"start":{"line":23,"column":0},"end":{"line":52,"column":1}}]}},"b":{"0":[1]},"fnMap":{"0":{"name":"App","decl":{"start":{"line":23,"column":0},"end":{"line":52,"column":1}},"loc":{"start":{"line":23,"column":0},"end":{"line":52,"column":1}},"line":23}},"f":{"0":1}}
,"/home/ayan/ground-station/frontend/mcc/src/main.tsx": {"path":"/home/ayan/ground-station/frontend/mcc/src/main.tsx","all":true,"statementMap":{"0":{"start":{"line":1,"column":0},"end":{"line":1,"column":26}},"1":{"start":{"line":2,"column":0},"end":{"line":2,"column":40}},"2":{"start":{"line":3,"column":0},"end":{"line":3,"column":73}},"3":{"start":{"line":4,"column":0},"end":{"line":4,"column":28}},"4":{"start":{"line":5,"column":0},"end":{"line":5,"column":56}},"5":{"start":{"line":6,"column":0},"end":{"line":6,"column":49}},"7":{"start":{"line":8,"column":0},"end":{"line":8,"column":38}},"13":{"start":{"line":14,"column":0},"end":{"line":14,"column":61}},"14":{"start":{"line":15,"column":0},"end":{"line":15,"column":20}},"15":{"start":{"line":16,"column":0},"end":{"line":16,"column":46}},"16":{"start":{"line":17,"column":0},"end":{"line":17,"column":21}},"17":{"start":{"line":18,"column":0},"end":{"line":18,"column":15}},"18":{"start":{"line":19,"column":0},"end":{"line":19,"column":22}},"19":{"start":{"line":20,"column":0},"end":{"line":20,"column":26}},"20":{"start":{"line":21,"column":0},"end":{"line":21,"column":22}},"21":{"start":{"line":22,"column":0},"end":{"line":22,"column":2}}},"s":{"0":0,"1":0,"2":0,"3":0,"4":0,"5":0,"7":0,"13":0,"14":0,"15":0,"16":0,"17":0,"18":0,"19":0,"20":0,"21":0},"branchMap":{"0":{"type":"branch","line":1,"loc":{"start":{"line":1,"column":625},"end":{"line":22,"column":-429}},"locations":[{"start":{"line":1,"column":625},"end":{"line":22,"column":-429}}]}},"b":{"0":[0]},"fnMap":{"0":{"name":"(empty-report)","decl":{"start":{"line":1,"column":625},"end":{"line":22,"column":-429}},"loc":{"start":{"line":1,"column":625},"end":{"line":22,"column":-429}},"line":1}},"f":{"0":0}}
,"/home/ayan/ground-station/frontend/mcc/src/vite-env.d.ts": {"path":"/home/ayan/ground-station/frontend/mcc/src/vite-env.d.ts","all":true,"statementMap":{},"s":{},"branchMap":{"0":{"type":"branch","line":1,"loc":{"start":{"line":1,"column":37},"end":{"line":1,"column":37}},"locations":[{"start":{"line":1,"column":37},"end":{"line":1,"column":37}}]}},"b":{"0":[1]},"fnMap":{"0":{"name":"(empty-report)","decl":{"start":{"line":1,"column":37},"end":{"line":1,"column":37}},"loc":{"start":{"line":1,"column":37},"end":{"line":1,"column":37}},"line":1}},"f":{"0":1}}
,"/home/ayan/ground-station/frontend/mcc/src/components/Alert.tsx": {"path":"/home/ayan/ground-station/frontend/mcc/src/components/Alert.tsx","all":false,"statementMap":{"0":{"start":{"line":1,"column":0},"end":{"line":1,"column":44}},"1":{"start":{"line":2,"column":0},"end":{"line":2,"column":65}},"2":{"start":{"line":3,"column":0},"end":{"line":3,"column":65}},"11":{"start":{"line":12,"column":0},"end":{"line":12,"column":22}},"12":{"start":{"line":13,"column":0},"end":{"line":13,"column":22}},"13":{"start":{"line":14,"column":0},"end":{"line":14,"column":13}},"14":{"start":{"line":15,"column":0},"end":{"line":15,"column":19}},"15":{"start":{"line":16,"column":0},"end":{"line":16,"column":17}},"16":{"start":{"line":17,"column":0},"end":{"line":17,"column":22}},"17":{"start":{"line":18,"column":0},"end":{"line":18,"column":51}},"19":{"start":{"line":20,"column":0},"end":{"line":20,"column":19}},"20":{"start":{"line":21,"column":0},"end":{"line":21,"column":27}},"21":{"start":{"line":22,"column":0},"end":{"line":22,"column":38}},"22":{"start":{"line":23,"column":0},"end":{"line":23,"column":28}},"23":{"start":{"line":24,"column":0},"end":{"line":24,"column":18}},"25":{"start":{"line":26,"column":0},"end":{"line":26,"column":39}},"26":{"start":{"line":27,"column":0},"end":{"line":27,"column":5}},"27":{"start":{"line":28,"column":0},"end":{"line":28,"column":16}},"29":{"start":{"line":30,"column":0},"end":{"line":30,"column":19}},"30":{"start":{"line":31,"column":0},"end":{"line":31,"column":16}},"31":{"start":{"line":32,"column":0},"end":{"line":32,"column":3}},"33":{"start":{"line":34,"column":0},"end":{"line":34,"column":10}},"34":{"start":{"line":35,"column":0},"end":{"line":35,"column":10}},"35":{"start":{"line":36,"column":0},"end":{"line":36,"column":55}},"36":{"start":{"line":37,"column":0},"end":{"line":37,"column":157}},"38":{"start":{"line":39,"column":0},"end":{"line":39,"column":22}},"39":{"start":{"line":40,"column":0},"end":{"line":40,"column":47}},"41":{"start":{"line":42,"column":0},"end":{"line":42,"column":48}},"43":{"start":{"line":44,"column":0},"end":{"line":44,"column":38}},"44":{"start":{"line":45,"column":0},"end":{"line":45,"column":79}},"45":{"start":{"line":46,"column":0},"end":{"line":46,"column":12}},"47":{"start":{"line":48,"column":0},"end":{"line":48,"column":1}},"49":{"start":{"line":50,"column":0},"end":{"line":50,"column":27}}},"s":{"0":1,"1":1,"2":1,"11":13,"12":13,"13":13,"14":13,"15":13,"16":13,"17":13,"19":13,"20":12,"21":5,"22":1,"23":5,"25":5,"26":5,"27":13,"29":13,"30":1,"31":1,"33":12,"34":12,"35":13,"36":13,"38":13,"39":5,"41":7,"43":13,"44":13,"45":13,"47":13,"49":1},"branchMap":{"0":{"type":"branch","line":12,"loc":{"start":{"line":12,"column":0},"end":{"line":48,"column":1}},"locations":[{"start":{"line":12,"column":0},"end":{"line":48,"column":1}}]},"1":{"type":"branch","line":30,"loc":{"start":{"line":30,"column":18},"end":{"line":32,"column":3}},"locations":[{"start":{"line":30,"column":18},"end":{"line":32,"column":3}}]},"2":{"type":"branch","line":32,"loc":{"start":{"line":32,"column":2},"end":{"line":36,"column":29}},"locations":[{"start":{"line":32,"column":2},"end":{"line":36,"column":29}}]},"3":{"type":"branch","line":36,"loc":{"start":{"line":36,"column":15},"end":{"line":36,"column":45}},"locations":[{"start":{"line":36,"column":15},"end":{"line":36,"column":45}}]},"4":{"type":"branch","line":36,"loc":{"start":{"line":36,"column":29},"end":{"line":36,"column":55}},"locations":[{"start":{"line":36,"column":29},"end":{"line":36,"column":55}}]},"5":{"type":"branch","line":37,"loc":{"start":{"line":37,"column":25},"end":{"line":37,"column":70}},"locations":[{"start":{"line":37,"column":25},"end":{"line":37,"column":70}}]},"6":{"type":"branch","line":37,"loc":{"start":{"line":37,"column":39},"end":{"line":37,"column":102}},"locations":[{"start":{"line":37,"column":39},"end":{"line":37,"column":102}}]},"7":{"type":"branch","line":39,"loc":{"start":{"line":39,"column":7},"end":{"line":40,"column":47}},"locations":[{"start":{"line":39,"column":7},"end":{"line":40,"column":47}}]},"8":{"type":"branch","line":40,"loc":{"start":{"line":40,"column":45},"end":{"line":42,"column":48}},"locations":[{"start":{"line":40,"column":45},"end":{"line":42,"column":48}}]},"9":{"type":"branch","line":45,"loc":{"start":{"line":45,"column":22},"end":{"line":45,"column":79}},"locations":[{"start":{"line":45,"column":22},"end":{"line":45,"column":79}}]},"10":{"type":"branch","line":20,"loc":{"start":{"line":20,"column":12},"end":{"line":28,"column":5}},"locations":[{"start":{"line":20,"column":12},"end":{"line":28,"column":5}}]},"11":{"type":"branch","line":21,"loc":{"start":{"line":21,"column":26},"end":{"line":27,"column":5}},"locations":[{"start":{"line":21,"column":26},"end":{"line":27,"column":5}}]},"12":{"type":"branch","line":22,"loc":{"start":{"line":22,"column":31},"end":{"line":24,"column":9}},"locations":[{"start":{"line":22,"column":31},"end":{"line":24,"column":9}}]},"13":{"type":"branch","line":26,"loc":{"start":{"line":26,"column":13},"end":{"line":26,"column":39}},"locations":[{"start":{"line":26,"column":13},"end":{"line":26,"column":39}}]}},"b":{"0":[13],"1":[1],"2":[12],"3":[5],"4":[7],"5":[5],"6":[7],"7":[5],"8":[7],"9":[1],"10":[12],"11":[5],"12":[1],"13":[5]},"fnMap":{"0":{"name":"CustomAlert","decl":{"start":{"line":12,"column":0},"end":{"line":48,"column":1}},"loc":{"start":{"line":12,"column":0},"end":{"line":48,"column":1}},"line":12}},"f":{"0":13}}
,"/home/ayan/ground-station/frontend/mcc/src/components/Background.tsx": {"path":"/home/ayan/ground-station/frontend/mcc/src/components/Background.tsx","all":false,"statementMap":{"0":{"start":{"line":1,"column":0},"end":{"line":1,"column":57}},"1":{"start":{"line":2,"column":0},"end":{"line":2,"column":52}},"7":{"start":{"line":8,"column":0},"end":{"line":8,"column":23}},"8":{"start":{"line":9,"column":0},"end":{"line":9,"column":31}},"10":{"start":{"line":11,"column":0},"end":{"line":11,"column":10}},"11":{"start":{"line":12,"column":0},"end":{"line":12,"column":6}},"12":{"start":{"line":13,"column":0},"end":{"line":13,"column":10}},"13":{"start":{"line":14,"column":0},"end":{"line":14,"column":24}},"14":{"start":{"line":15,"column":0},"end":{"line":15,"column":30}},"15":{"start":{"line":16,"column":0},"end":{"line":16,"column":101}},"16":{"start":{"line":17,"column":0},"end":{"line":17,"column":56}},"17":{"start":{"line":18,"column":0},"end":{"line":18,"column":11}},"18":{"start":{"line":19,"column":0},"end":{"line":19,"column":8}},"19":{"start":{"line":20,"column":0},"end":{"line":20,"column":10}},"20":{"start":{"line":21,"column":0},"end":{"line":21,"column":73}},"21":{"start":{"line":22,"column":0},"end":{"line":22,"column":26}},"22":{"start":{"line":23,"column":0},"end":{"line":23,"column":80}},"23":{"start":{"line":24,"column":0},"end":{"line":24,"column":82}},"24":{"start":{"line":25,"column":0},"end":{"line":25,"column":11}},"25":{"start":{"line":26,"column":0},"end":{"line":26,"column":8}},"26":{"start":{"line":27,"column":0},"end":{"line":27,"column":7}},"28":{"start":{"line":29,"column":0},"end":{"line":29,"column":1}},"30":{"start":{"line":31,"column":0},"end":{"line":31,"column":26}}},"s":{"0":1,"1":1,"7":4,"8":4,"10":4,"11":4,"12":4,"13":4,"14":4,"15":4,"16":4,"17":4,"18":4,"19":4,"20":4,"21":4,"22":1,"23":3,"24":4,"25":4,"26":4,"28":4,"30":1},"branchMap":{"0":{"type":"branch","line":8,"loc":{"start":{"line":8,"column":0},"end":{"line":29,"column":1}},"locations":[{"start":{"line":8,"column":0},"end":{"line":29,"column":1}}]},"1":{"type":"branch","line":17,"loc":{"start":{"line":17,"column":20},"end":{"line":17,"column":44}},"locations":[{"start":{"line":17,"column":20},"end":{"line":17,"column":44}}]},"2":{"type":"branch","line":17,"loc":{"start":{"line":17,"column":29},"end":{"line":17,"column":56}},"locations":[{"start":{"line":17,"column":29},"end":{"line":17,"column":56}}]},"3":{"type":"branch","line":22,"loc":{"start":{"line":22,"column":20},"end":{"line":23,"column":80}},"locations":[{"start":{"line":22,"column":20},"end":{"line":23,"column":80}}]},"4":{"type":"branch","line":23,"loc":{"start":{"line":23,"column":14},"end":{"line":24,"column":82}},"locations":[{"start":{"line":23,"column":14},"end":{"line":24,"column":82}}]}},"b":{"0":[4],"1":[1],"2":[3],"3":[1],"4":[3]},"fnMap":{"0":{"name":"Background","decl":{"start":{"line":8,"column":0},"end":{"line":29,"column":1}},"loc":{"start":{"line":8,"column":0},"end":{"line":29,"column":1}},"line":8}},"f":{"0":4}}
,"/home/ayan/ground-station/frontend/mcc/src/components/LogoutButton.tsx": {"path":"/home/ayan/ground-station/frontend/mcc/src/components/LogoutButton.tsx","all":false,"statementMap":{"0":{"start":{"line":1,"column":0},"end":{"line":1,"column":47}},"2":{"start":{"line":3,"column":0},"end":{"line":3,"column":25}},"3":{"start":{"line":4,"column":0},"end":{"line":4,"column":30}},"4":{"start":{"line":5,"column":0},"end":{"line":5,"column":57}},"5":{"start":{"line":6,"column":0},"end":{"line":6,"column":4}},"7":{"start":{"line":8,"column":0},"end":{"line":8,"column":10}},"8":{"start":{"line":9,"column":0},"end":{"line":9,"column":11}},"9":{"start":{"line":10,"column":0},"end":{"line":10,"column":28}},"10":{"start":{"line":11,"column":0},"end":{"line":11,"column":109}},"11":{"start":{"line":12,"column":0},"end":{"line":12,"column":5}},"13":{"start":{"line":14,"column":0},"end":{"line":14,"column":13}},"15":{"start":{"line":16,"column":0},"end":{"line":16,"column":1}},"17":{"start":{"line":18,"column":0},"end":{"line":18,"column":28}}},"s":{"0":1,"2":2,"3":2,"4":1,"5":1,"7":2,"8":2,"9":2,"10":2,"11":2,"13":2,"15":2,"17":1},"branchMap":{"0":{"type":"branch","line":3,"loc":{"start":{"line":3,"column":0},"end":{"line":16,"column":1}},"locations":[{"start":{"line":3,"column":0},"end":{"line":16,"column":1}}]},"1":{"type":"branch","line":4,"loc":{"start":{"line":4,"column":23},"end":{"line":6,"column":4}},"locations":[{"start":{"line":4,"column":23},"end":{"line":6,"column":4}}]}},"b":{"0":[2],"1":[1]},"fnMap":{"0":{"name":"LogoutButton","decl":{"start":{"line":3,"column":0},"end":{"line":16,"column":1}},"loc":{"start":{"line":3,"column":0},"end":{"line":16,"column":1}},"line":3},"1":{"name":"handleLogout","decl":{"start":{"line":4,"column":23},"end":{"line":6,"column":4}},"loc":{"start":{"line":4,"column":23},"end":{"line":6,"column":4}},"line":4}},"f":{"0":2,"1":1}}
,"/home/ayan/ground-station/frontend/mcc/src/components/Nav.tsx": {"path":"/home/ayan/ground-station/frontend/mcc/src/components/Nav.tsx","all":false,"statementMap":{"0":{"start":{"line":1,"column":0},"end":{"line":1,"column":40}},"1":{"start":{"line":2,"column":0},"end":{"line":2,"column":54}},"2":{"start":{"line":3,"column":0},"end":{"line":3,"column":54}},"3":{"start":{"line":4,"column":0},"end":{"line":4,"column":50}},"4":{"start":{"line":5,"column":0},"end":{"line":5,"column":52}},"5":{"start":{"line":6,"column":0},"end":{"line":6,"column":66}},"6":{"start":{"line":7,"column":0},"end":{"line":7,"column":42}},"12":{"start":{"line":13,"column":0},"end":{"line":13,"column":16}},"13":{"start":{"line":14,"column":0},"end":{"line":14,"column":40}},"14":{"start":{"line":15,"column":0},"end":{"line":15,"column":44}},"16":{"start":{"line":17,"column":0},"end":{"line":17,"column":10}},"17":{"start":{"line":18,"column":0},"end":{"line":18,"column":138}},"19":{"start":{"line":20,"column":0},"end":{"line":20,"column":30}},"20":{"start":{"line":21,"column":0},"end":{"line":21,"column":69}},"21":{"start":{"line":22,"column":0},"end":{"line":22,"column":79}},"22":{"start":{"line":23,"column":0},"end":{"line":23,"column":15}},"23":{"start":{"line":24,"column":0},"end":{"line":24,"column":12}},"26":{"start":{"line":27,"column":0},"end":{"line":27,"column":53}},"27":{"start":{"line":28,"column":0},"end":{"line":28,"column":41}},"28":{"start":{"line":29,"column":0},"end":{"line":29,"column":91}},"29":{"start":{"line":30,"column":0},"end":{"line":30,"column":23}},"30":{"start":{"line":31,"column":0},"end":{"line":31,"column":17}},"31":{"start":{"line":32,"column":0},"end":{"line":32,"column":11}},"32":{"start":{"line":33,"column":0},"end":{"line":33,"column":12}},"34":{"start":{"line":35,"column":0},"end":{"line":35,"column":66}},"36":{"start":{"line":37,"column":0},"end":{"line":37,"column":29}},"37":{"start":{"line":38,"column":0},"end":{"line":38,"column":35}},"38":{"start":{"line":39,"column":0},"end":{"line":39,"column":27}},"39":{"start":{"line":40,"column":0},"end":{"line":40,"column":35}},"40":{"start":{"line":41,"column":0},"end":{"line":41,"column":36}},"41":{"start":{"line":42,"column":0},"end":{"line":42,"column":28}},"42":{"start":{"line":43,"column":0},"end":{"line":43,"column":65}},"43":{"start":{"line":44,"column":0},"end":{"line":44,"column":64}},"44":{"start":{"line":45,"column":0},"end":{"line":45,"column":70}},"45":{"start":{"line":46,"column":0},"end":{"line":46,"column":62}},"46":{"start":{"line":47,"column":0},"end":{"line":47,"column":14}},"47":{"start":{"line":48,"column":0},"end":{"line":48,"column":12}},"50":{"start":{"line":51,"column":0},"end":{"line":51,"column":15}},"51":{"start":{"line":52,"column":0},"end":{"line":52,"column":31}},"52":{"start":{"line":53,"column":0},"end":{"line":53,"column":139}},"53":{"start":{"line":54,"column":0},"end":{"line":54,"column":35}},"54":{"start":{"line":55,"column":0},"end":{"line":55,"column":74}},"56":{"start":{"line":57,"column":0},"end":{"line":57,"column":32}},"57":{"start":{"line":58,"column":0},"end":{"line":58,"column":16}},"58":{"start":{"line":59,"column":0},"end":{"line":59,"column":48}},"59":{"start":{"line":60,"column":0},"end":{"line":60,"column":24}},"60":{"start":{"line":61,"column":0},"end":{"line":61,"column":25}},"61":{"start":{"line":62,"column":0},"end":{"line":62,"column":33}},"62":{"start":{"line":63,"column":0},"end":{"line":63,"column":25}},"63":{"start":{"line":64,"column":0},"end":{"line":64,"column":35}},"64":{"start":{"line":65,"column":0},"end":{"line":65,"column":29}},"65":{"start":{"line":66,"column":0},"end":{"line":66,"column":35}},"66":{"start":{"line":67,"column":0},"end":{"line":67,"column":36}},"68":{"start":{"line":69,"column":0},"end":{"line":69,"column":74}},"69":{"start":{"line":70,"column":0},"end":{"line":70,"column":18}},"71":{"start":{"line":72,"column":0},"end":{"line":72,"column":16}},"72":{"start":{"line":73,"column":0},"end":{"line":73,"column":48}},"73":{"start":{"line":74,"column":0},"end":{"line":74,"column":24}},"74":{"start":{"line":75,"column":0},"end":{"line":75,"column":25}},"75":{"start":{"line":76,"column":0},"end":{"line":76,"column":33}},"76":{"start":{"line":77,"column":0},"end":{"line":77,"column":25}},"77":{"start":{"line":78,"column":0},"end":{"line":78,"column":35}},"78":{"start":{"line":79,"column":0},"end":{"line":79,"column":29}},"79":{"start":{"line":80,"column":0},"end":{"line":80,"column":35}},"80":{"start":{"line":81,"column":0},"end":{"line":81,"column":36}},"82":{"start":{"line":83,"column":0},"end":{"line":83,"column":46}},"83":{"start":{"line":84,"column":0},"end":{"line":84,"column":34}},"84":{"start":{"line":85,"column":0},"end":{"line":85,"column":35}},"85":{"start":{"line":86,"column":0},"end":{"line":86,"column":47}},"86":{"start":{"line":87,"column":0},"end":{"line":87,"column":49}},"87":{"start":{"line":88,"column":0},"end":{"line":88,"column":34}},"88":{"start":{"line":89,"column":0},"end":{"line":89,"column":35}},"89":{"start":{"line":90,"column":0},"end":{"line":90,"column":48}},"90":{"start":{"line":91,"column":0},"end":{"line":91,"column":48}},"91":{"start":{"line":92,"column":0},"end":{"line":92,"column":18}},"93":{"start":{"line":94,"column":0},"end":{"line":94,"column":17}},"95":{"start":{"line":96,"column":0},"end":{"line":96,"column":28}},"96":{"start":{"line":97,"column":0},"end":{"line":97,"column":15}},"97":{"start":{"line":98,"column":0},"end":{"line":98,"column":25}},"98":{"start":{"line":99,"column":0},"end":{"line":99,"column":106}},"99":{"start":{"line":100,"column":0},"end":{"line":100,"column":11}},"101":{"start":{"line":102,"column":0},"end":{"line":102,"column":17}},"103":{"start":{"line":104,"column":0},"end":{"line":104,"column":15}},"104":{"start":{"line":105,"column":0},"end":{"line":105,"column":23}},"105":{"start":{"line":106,"column":0},"end":{"line":106,"column":106}},"106":{"start":{"line":107,"column":0},"end":{"line":107,"column":11}},"108":{"start":{"line":109,"column":0},"end":{"line":109,"column":17}},"111":{"start":{"line":112,"column":0},"end":{"line":112,"column":45}},"112":{"start":{"line":113,"column":0},"end":{"line":113,"column":12}},"113":{"start":{"line":114,"column":0},"end":{"line":114,"column":10}},"115":{"start":{"line":116,"column":0},"end":{"line":116,"column":1}},"117":{"start":{"line":118,"column":0},"end":{"line":118,"column":19}}},"s":{"0":1,"1":1,"2":1,"3":1,"4":1,"5":1,"6":1,"12":8,"13":8,"14":8,"16":8,"17":8,"19":8,"20":8,"21":8,"22":8,"23":8,"26":8,"27":8,"28":48,"29":48,"30":48,"31":8,"32":8,"34":8,"36":8,"37":1,"38":1,"39":1,"40":1,"41":1,"42":1,"43":1,"44":1,"45":1,"46":1,"47":1,"50":8,"51":8,"52":8,"53":8,"54":8,"56":8,"57":7,"58":7,"59":7,"60":7,"61":7,"62":7,"63":7,"64":7,"65":7,"66":7,"68":7,"69":7,"71":1,"72":1,"73":1,"74":1,"75":1,"76":1,"77":1,"78":1,"79":1,"80":1,"82":1,"83":1,"84":1,"85":1,"86":1,"87":1,"88":1,"89":1,"90":1,"91":1,"93":8,"95":8,"96":1,"97":1,"98":1,"99":1,"101":1,"103":7,"104":7,"105":7,"106":7,"108":7,"111":8,"112":8,"113":8,"115":8,"117":1},"branchMap":{"0":{"type":"branch","line":13,"loc":{"start":{"line":13,"column":0},"end":{"line":116,"column":1}},"locations":[{"start":{"line":13,"column":0},"end":{"line":116,"column":1}}]},"1":{"type":"branch","line":37,"loc":{"start":{"line":37,"column":9},"end":{"line":48,"column":12}},"locations":[{"start":{"line":37,"column":9},"end":{"line":48,"column":12}}]},"2":{"type":"branch","line":55,"loc":{"start":{"line":55,"column":40},"end":{"line":55,"column":59}},"locations":[{"start":{"line":55,"column":40},"end":{"line":55,"column":59}}]},"3":{"type":"branch","line":55,"loc":{"start":{"line":55,"column":50},"end":{"line":55,"column":66}},"locations":[{"start":{"line":55,"column":50},"end":{"line":55,"column":66}}]},"4":{"type":"branch","line":57,"loc":{"start":{"line":57,"column":21},"end":{"line":70,"column":18}},"locations":[{"start":{"line":57,"column":21},"end":{"line":70,"column":18}}]},"5":{"type":"branch","line":70,"loc":{"start":{"line":70,"column":12},"end":{"line":92,"column":18}},"locations":[{"start":{"line":70,"column":12},"end":{"line":92,"column":18}}]},"6":{"type":"branch","line":96,"loc":{"start":{"line":96,"column":9},"end":{"line":102,"column":17}},"locations":[{"start":{"line":96,"column":9},"end":{"line":102,"column":17}}]},"7":{"type":"branch","line":102,"loc":{"start":{"line":102,"column":10},"end":{"line":109,"column":17}},"locations":[{"start":{"line":102,"column":10},"end":{"line":109,"column":17}}]},"8":{"type":"branch","line":112,"loc":{"start":{"line":112,"column":9},"end":{"line":112,"column":45}},"locations":[{"start":{"line":112,"column":9},"end":{"line":112,"column":45}}]},"9":{"type":"branch","line":28,"loc":{"start":{"line":28,"column":30},"end":{"line":31,"column":17}},"locations":[{"start":{"line":28,"column":30},"end":{"line":31,"column":17}}]}},"b":{"0":[8],"1":[1],"2":[7],"3":[1],"4":[7],"5":[1],"6":[1],"7":[7],"8":[1],"9":[48]},"fnMap":{"0":{"name":"Nav","decl":{"start":{"line":13,"column":0},"end":{"line":116,"column":1}},"loc":{"start":{"line":13,"column":0},"end":{"line":116,"column":1}},"line":13}},"f":{"0":8}}
,"/home/ayan/ground-station/frontend/mcc/src/components/PageNotFound.tsx": {"path":"/home/ayan/ground-station/frontend/mcc/src/components/PageNotFound.tsx","all":false,"statementMap":{"5":{"start":{"line":6,"column":0},"end":{"line":6,"column":40}},"6":{"start":{"line":7,"column":0},"end":{"line":7,"column":48}},"8":{"start":{"line":9,"column":0},"end":{"line":9,"column":25}},"9":{"start":{"line":10,"column":0},"end":{"line":10,"column":10}},"10":{"start":{"line":11,"column":0},"end":{"line":11,"column":73}},"11":{"start":{"line":12,"column":0},"end":{"line":12,"column":42}},"12":{"start":{"line":13,"column":0},"end":{"line":13,"column":31}},"13":{"start":{"line":14,"column":0},"end":{"line":14,"column":12}},"14":{"start":{"line":15,"column":0},"end":{"line":15,"column":33}},"15":{"start":{"line":16,"column":0},"end":{"line":16,"column":57}},"16":{"start":{"line":17,"column":0},"end":{"line":17,"column":31}},"18":{"start":{"line":19,"column":0},"end":{"line":19,"column":12}},"19":{"start":{"line":20,"column":0},"end":{"line":20,"column":11}},"20":{"start":{"line":21,"column":0},"end":{"line":21,"column":24}},"21":{"start":{"line":22,"column":0},"end":{"line":22,"column":45}},"23":{"start":{"line":24,"column":0},"end":{"line":24,"column":17}},"24":{"start":{"line":25,"column":0},"end":{"line":25,"column":12}},"25":{"start":{"line":26,"column":0},"end":{"line":26,"column":12}},"26":{"start":{"line":27,"column":0},"end":{"line":27,"column":10}},"28":{"start":{"line":29,"column":0},"end":{"line":29,"column":1}},"30":{"start":{"line":31,"column":0},"end":{"line":31,"column":28}}},"s":{"5":1,"6":1,"8":1,"9":1,"10":1,"11":1,"12":1,"13":1,"14":1,"15":1,"16":1,"18":1,"19":1,"20":1,"21":1,"23":1,"24":1,"25":1,"26":1,"28":1,"30":1},"branchMap":{"0":{"type":"branch","line":9,"loc":{"start":{"line":9,"column":0},"end":{"line":29,"column":1}},"locations":[{"start":{"line":9,"column":0},"end":{"line":29,"column":1}}]}},"b":{"0":[1]},"fnMap":{"0":{"name":"PageNotFound","decl":{"start":{"line":9,"column":0},"end":{"line":29,"column":1}},"loc":{"start":{"line":9,"column":0},"end":{"line":29,"column":1}},"line":9}},"f":{"0":1}}
,"/home/ayan/ground-station/frontend/mcc/src/components/ProtectedRoute.tsx": {"path":"/home/ayan/ground-station/frontend/mcc/src/components/ProtectedRoute.tsx","all":false,"statementMap":{"1":{"start":{"line":2,"column":0},"end":{"line":2,"column":44}},"2":{"start":{"line":3,"column":0},"end":{"line":3,"column":50}},"4":{"start":{"line":5,"column":0},"end":{"line":5,"column":64}},"5":{"start":{"line":6,"column":0},"end":{"line":6,"column":51}},"7":{"start":{"line":8,"column":0},"end":{"line":8,"column":87}},"8":{"start":{"line":9,"column":0},"end":{"line":9,"column":64}},"10":{"start":{"line":11,"column":0},"end":{"line":11,"column":25}},"11":{"start":{"line":12,"column":0},"end":{"line":12,"column":1}},"13":{"start":{"line":14,"column":0},"end":{"line":14,"column":30}}},"s":{"1":1,"2":1,"4":3,"5":3,"7":3,"8":3,"10":1,"11":1,"13":1},"branchMap":{"0":{"type":"branch","line":5,"loc":{"start":{"line":5,"column":0},"end":{"line":12,"column":1}},"locations":[{"start":{"line":5,"column":0},"end":{"line":12,"column":1}}]},"1":{"type":"branch","line":8,"loc":{"start":{"line":8,"column":17},"end":{"line":8,"column":87}},"locations":[{"start":{"line":8,"column":17},"end":{"line":8,"column":87}}]},"2":{"type":"branch","line":8,"loc":{"start":{"line":8,"column":80},"end":{"line":9,"column":31}},"locations":[{"start":{"line":8,"column":80},"end":{"line":9,"column":31}}]},"3":{"type":"branch","line":9,"loc":{"start":{"line":9,"column":24},"end":{"line":12,"column":1}},"locations":[{"start":{"line":9,"column":24},"end":{"line":12,"column":1}}]}},"b":{"0":[3],"1":[1],"2":[2],"3":[1]},"fnMap":{"0":{"name":"ProtectedRoute","decl":{"start":{"line":5,"column":0},"end":{"line":12,"column":1}},"loc":{"start":{"line":5,"column":0},"end":{"line":12,"column":1}},"line":5}},"f":{"0":3}}
,"/home/ayan/ground-station/frontend/mcc/src/components/SatelliteStatusIndicator.tsx": {"path":"/home/ayan/ground-station/frontend/mcc/src/components/SatelliteStatusIndicator.tsx","all":false,"statementMap":{"0":{"start":{"line":1,"column":0},"end":{"line":1,"column":33}},"17":{"start":{"line":18,"column":0},"end":{"line":18,"column":61}},"18":{"start":{"line":19,"column":0},"end":{"line":19,"column":11}},"19":{"start":{"line":20,"column":0},"end":{"line":20,"column":20}},"20":{"start":{"line":21,"column":0},"end":{"line":21,"column":32}},"21":{"start":{"line":22,"column":0},"end":{"line":22,"column":32}},"22":{"start":{"line":23,"column":0},"end":{"line":23,"column":4}},"23":{"start":{"line":24,"column":0},"end":{"line":24,"column":9}},"24":{"start":{"line":25,"column":0},"end":{"line":25,"column":18}},"25":{"start":{"line":26,"column":0},"end":{"line":26,"column":33}},"26":{"start":{"line":27,"column":0},"end":{"line":27,"column":33}},"27":{"start":{"line":28,"column":0},"end":{"line":28,"column":4}},"28":{"start":{"line":29,"column":0},"end":{"line":29,"column":12}},"29":{"start":{"line":30,"column":0},"end":{"line":30,"column":21}},"30":{"start":{"line":31,"column":0},"end":{"line":31,"column":30}},"31":{"start":{"line":32,"column":0},"end":{"line":32,"column":30}},"32":{"start":{"line":33,"column":0},"end":{"line":33,"column":4}},"33":{"start":{"line":34,"column":0},"end":{"line":34,"column":10}},"34":{"start":{"line":35,"column":0},"end":{"line":35,"column":19}},"35":{"start":{"line":36,"column":0},"end":{"line":36,"column":30}},"36":{"start":{"line":37,"column":0},"end":{"line":37,"column":30}},"37":{"start":{"line":38,"column":0},"end":{"line":38,"column":4}},"38":{"start":{"line":39,"column":0},"end":{"line":39,"column":2}},"47":{"start":{"line":48,"column":0},"end":{"line":48,"column":31}},"48":{"start":{"line":49,"column":0},"end":{"line":49,"column":9}},"49":{"start":{"line":50,"column":0},"end":{"line":50,"column":10}},"50":{"start":{"line":51,"column":0},"end":{"line":51,"column":9}},"51":{"start":{"line":52,"column":0},"end":{"line":52,"column":14}},"52":{"start":{"line":53,"column":0},"end":{"line":53,"column":16}},"53":{"start":{"line":54,"column":0},"end":{"line":54,"column":18}},"54":{"start":{"line":55,"column":0},"end":{"line":55,"column":4}},"61":{"start":{"line":62,"column":0},"end":{"line":62,"column":4}},"62":{"start":{"line":63,"column":0},"end":{"line":63,"column":27}},"64":{"start":{"line":65,"column":0},"end":{"line":65,"column":38}},"66":{"start":{"line":67,"column":0},"end":{"line":67,"column":10}},"67":{"start":{"line":68,"column":0},"end":{"line":68,"column":6}},"69":{"start":{"line":70,"column":0},"end":{"line":70,"column":91}},"72":{"start":{"line":73,"column":0},"end":{"line":73,"column":149}},"74":{"start":{"line":75,"column":0},"end":{"line":75,"column":92}},"75":{"start":{"line":76,"column":0},"end":{"line":76,"column":51}},"76":{"start":{"line":77,"column":0},"end":{"line":77,"column":51}},"77":{"start":{"line":78,"column":0},"end":{"line":78,"column":19}},"78":{"start":{"line":79,"column":0},"end":{"line":79,"column":100}},"79":{"start":{"line":80,"column":0},"end":{"line":80,"column":60}},"80":{"start":{"line":81,"column":0},"end":{"line":81,"column":19}},"81":{"start":{"line":82,"column":0},"end":{"line":82,"column":22}},"82":{"start":{"line":83,"column":0},"end":{"line":83,"column":39}},"83":{"start":{"line":84,"column":0},"end":{"line":84,"column":21}},"84":{"start":{"line":85,"column":0},"end":{"line":85,"column":107}},"85":{"start":{"line":86,"column":0},"end":{"line":86,"column":26}},"86":{"start":{"line":87,"column":0},"end":{"line":87,"column":26}},"87":{"start":{"line":88,"column":0},"end":{"line":88,"column":35}},"88":{"start":{"line":89,"column":0},"end":{"line":89,"column":24}},"90":{"start":{"line":91,"column":0},"end":{"line":91,"column":18}},"91":{"start":{"line":92,"column":0},"end":{"line":92,"column":84}},"92":{"start":{"line":93,"column":0},"end":{"line":93,"column":16}},"93":{"start":{"line":94,"column":0},"end":{"line":94,"column":17}},"94":{"start":{"line":95,"column":0},"end":{"line":95,"column":29}},"95":{"start":{"line":96,"column":0},"end":{"line":96,"column":100}},"96":{"start":{"line":97,"column":0},"end":{"line":97,"column":30}},"98":{"start":{"line":99,"column":0},"end":{"line":99,"column":16}},"99":{"start":{"line":100,"column":0},"end":{"line":100,"column":48}},"100":{"start":{"line":101,"column":0},"end":{"line":101,"column":24}},"101":{"start":{"line":102,"column":0},"end":{"line":102,"column":25}},"102":{"start":{"line":103,"column":0},"end":{"line":103,"column":33}},"103":{"start":{"line":104,"column":0},"end":{"line":104,"column":25}},"104":{"start":{"line":105,"column":0},"end":{"line":105,"column":35}},"105":{"start":{"line":106,"column":0},"end":{"line":106,"column":29}},"106":{"start":{"line":107,"column":0},"end":{"line":107,"column":35}},"107":{"start":{"line":108,"column":0},"end":{"line":108,"column":36}},"109":{"start":{"line":110,"column":0},"end":{"line":110,"column":39}},"110":{"start":{"line":111,"column":0},"end":{"line":111,"column":37}},"111":{"start":{"line":112,"column":0},"end":{"line":112,"column":18}},"112":{"start":{"line":113,"column":0},"end":{"line":113,"column":19}},"113":{"start":{"line":114,"column":0},"end":{"line":114,"column":14}},"116":{"start":{"line":117,"column":0},"end":{"line":117,"column":45}},"118":{"start":{"line":119,"column":0},"end":{"line":119,"column":15}},"119":{"start":{"line":120,"column":0},"end":{"line":120,"column":97}},"120":{"start":{"line":121,"column":0},"end":{"line":121,"column":89}},"121":{"start":{"line":122,"column":0},"end":{"line":122,"column":16}},"124":{"start":{"line":125,"column":0},"end":{"line":125,"column":27}},"125":{"start":{"line":126,"column":0},"end":{"line":126,"column":17}},"126":{"start":{"line":127,"column":0},"end":{"line":127,"column":89}},"128":{"start":{"line":129,"column":0},"end":{"line":129,"column":18}},"129":{"start":{"line":130,"column":0},"end":{"line":130,"column":70}},"130":{"start":{"line":131,"column":0},"end":{"line":131,"column":18}},"134":{"start":{"line":135,"column":0},"end":{"line":135,"column":31}},"135":{"start":{"line":136,"column":0},"end":{"line":136,"column":17}},"136":{"start":{"line":137,"column":0},"end":{"line":137,"column":89}},"138":{"start":{"line":139,"column":0},"end":{"line":139,"column":18}},"139":{"start":{"line":140,"column":0},"end":{"line":140,"column":74}},"140":{"start":{"line":141,"column":0},"end":{"line":141,"column":18}},"144":{"start":{"line":145,"column":0},"end":{"line":145,"column":55}},"145":{"start":{"line":146,"column":0},"end":{"line":146,"column":100}},"146":{"start":{"line":147,"column":0},"end":{"line":147,"column":58}},"147":{"start":{"line":148,"column":0},"end":{"line":148,"column":41}},"148":{"start":{"line":149,"column":0},"end":{"line":149,"column":51}},"149":{"start":{"line":150,"column":0},"end":{"line":150,"column":79}},"150":{"start":{"line":151,"column":0},"end":{"line":151,"column":87}},"151":{"start":{"line":152,"column":0},"end":{"line":152,"column":74}},"152":{"start":{"line":153,"column":0},"end":{"line":153,"column":34}},"153":{"start":{"line":154,"column":0},"end":{"line":154,"column":86}},"154":{"start":{"line":155,"column":0},"end":{"line":155,"column":27}},"155":{"start":{"line":156,"column":0},"end":{"line":156,"column":24}},"156":{"start":{"line":157,"column":0},"end":{"line":157,"column":19}},"157":{"start":{"line":158,"column":0},"end":{"line":158,"column":20}},"159":{"start":{"line":160,"column":0},"end":{"line":160,"column":97}},"161":{"start":{"line":162,"column":0},"end":{"line":162,"column":16}},"162":{"start":{"line":163,"column":0},"end":{"line":163,"column":14}},"163":{"start":{"line":164,"column":0},"end":{"line":164,"column":12}},"164":{"start":{"line":165,"column":0},"end":{"line":165,"column":7}},"166":{"start":{"line":167,"column":0},"end":{"line":167,"column":1}},"174":{"start":{"line":175,"column":0},"end":{"line":175,"column":35}},"175":{"start":{"line":176,"column":0},"end":{"line":176,"column":21}},"176":{"start":{"line":177,"column":0},"end":{"line":177,"column":24}},"177":{"start":{"line":178,"column":0},"end":{"line":178,"column":16}},"178":{"start":{"line":179,"column":0},"end":{"line":179,"column":25}},"179":{"start":{"line":180,"column":0},"end":{"line":180,"column":35}},"180":{"start":{"line":181,"column":0},"end":{"line":181,"column":56}},"181":{"start":{"line":182,"column":0},"end":{"line":182,"column":38}},"183":{"start":{"line":184,"column":0},"end":{"line":184,"column":10}},"184":{"start":{"line":185,"column":0},"end":{"line":185,"column":6}},"186":{"start":{"line":187,"column":0},"end":{"line":187,"column":13}},"187":{"start":{"line":188,"column":0},"end":{"line":188,"column":44}},"188":{"start":{"line":189,"column":0},"end":{"line":189,"column":151}},"189":{"start":{"line":190,"column":0},"end":{"line":190,"column":71}},"190":{"start":{"line":191,"column":0},"end":{"line":191,"column":56}},"193":{"start":{"line":194,"column":0},"end":{"line":194,"column":47}},"194":{"start":{"line":195,"column":0},"end":{"line":195,"column":15}},"195":{"start":{"line":196,"column":0},"end":{"line":196,"column":96}},"196":{"start":{"line":197,"column":0},"end":{"line":197,"column":56}},"197":{"start":{"line":198,"column":0},"end":{"line":198,"column":15}},"198":{"start":{"line":199,"column":0},"end":{"line":199,"column":18}},"199":{"start":{"line":200,"column":0},"end":{"line":200,"column":35}},"200":{"start":{"line":201,"column":0},"end":{"line":201,"column":17}},"201":{"start":{"line":202,"column":0},"end":{"line":202,"column":103}},"202":{"start":{"line":203,"column":0},"end":{"line":203,"column":22}},"203":{"start":{"line":204,"column":0},"end":{"line":204,"column":22}},"204":{"start":{"line":205,"column":0},"end":{"line":205,"column":31}},"205":{"start":{"line":206,"column":0},"end":{"line":206,"column":20}},"207":{"start":{"line":208,"column":0},"end":{"line":208,"column":14}},"210":{"start":{"line":211,"column":0},"end":{"line":211,"column":85}},"211":{"start":{"line":212,"column":0},"end":{"line":212,"column":24}},"212":{"start":{"line":213,"column":0},"end":{"line":213,"column":15}},"213":{"start":{"line":214,"column":0},"end":{"line":214,"column":15}},"216":{"start":{"line":217,"column":0},"end":{"line":217,"column":27}},"217":{"start":{"line":218,"column":0},"end":{"line":218,"column":28}},"218":{"start":{"line":219,"column":0},"end":{"line":219,"column":45}},"219":{"start":{"line":220,"column":0},"end":{"line":220,"column":23}},"220":{"start":{"line":221,"column":0},"end":{"line":221,"column":33}},"221":{"start":{"line":222,"column":0},"end":{"line":222,"column":37}},"222":{"start":{"line":223,"column":0},"end":{"line":223,"column":41}},"223":{"start":{"line":224,"column":0},"end":{"line":224,"column":8}},"224":{"start":{"line":225,"column":0},"end":{"line":225,"column":7}},"226":{"start":{"line":227,"column":0},"end":{"line":227,"column":1}},"228":{"start":{"line":229,"column":0},"end":{"line":229,"column":40}}},"s":{"0":1,"17":1,"18":1,"19":1,"20":1,"21":1,"22":1,"23":1,"24":1,"25":1,"26":1,"27":1,"28":1,"29":1,"30":1,"31":1,"32":1,"33":1,"34":1,"35":1,"36":1,"37":1,"38":1,"47":50,"48":50,"49":50,"50":50,"51":50,"52":50,"53":50,"54":50,"61":50,"62":50,"64":17,"66":17,"67":17,"69":17,"72":17,"74":17,"75":17,"76":17,"77":17,"78":17,"79":50,"80":50,"81":50,"82":50,"83":14,"84":14,"85":14,"86":14,"87":14,"88":14,"90":50,"91":50,"92":50,"93":50,"94":50,"95":50,"96":50,"98":50,"99":50,"100":50,"101":50,"102":50,"103":50,"104":50,"105":50,"106":50,"107":50,"109":50,"110":50,"111":50,"112":50,"113":50,"116":50,"118":50,"119":50,"120":50,"121":50,"124":50,"125":17,"126":17,"128":17,"129":17,"130":17,"134":50,"135":17,"136":17,"138":17,"139":17,"140":17,"144":50,"145":50,"146":50,"147":5,"148":5,"149":9,"150":9,"151":9,"152":9,"153":9,"154":9,"155":9,"156":5,"157":5,"159":12,"161":50,"162":50,"163":50,"164":50,"166":50,"174":50,"175":50,"176":50,"177":50,"178":50,"179":50,"180":50,"181":50,"183":50,"184":50,"186":50,"187":50,"188":50,"189":50,"190":50,"193":50,"194":50,"195":50,"196":50,"197":50,"198":50,"199":50,"200":36,"201":36,"202":36,"203":36,"204":36,"205":36,"207":50,"210":50,"211":50,"212":50,"213":50,"216":50,"217":50,"218":50,"219":50,"220":50,"221":50,"222":50,"223":50,"224":50,"226":50,"228":1},"branchMap":{"0":{"type":"branch","line":48,"loc":{"start":{"line":48,"column":0},"end":{"line":167,"column":1}},"locations":[{"start":{"line":48,"column":0},"end":{"line":167,"column":1}}]},"1":{"type":"branch","line":63,"loc":{"start":{"line":63,"column":15},"end":{"line":63,"column":27}},"locations":[{"start":{"line":63,"column":15},"end":{"line":63,"column":27}}]},"2":{"type":"branch","line":63,"loc":{"start":{"line":63,"column":22},"end":{"line":80,"column":58}},"locations":[{"start":{"line":63,"column":22},"end":{"line":80,"column":58}}]},"3":{"type":"branch","line":63,"loc":{"start":{"line":63,"column":22},"end":{"line":80,"column":40}},"locations":[{"start":{"line":63,"column":22},"end":{"line":80,"column":40}}]},"4":{"type":"branch","line":80,"loc":{"start":{"line":80,"column":29},"end":{"line":80,"column":58}},"locations":[{"start":{"line":80,"column":29},"end":{"line":80,"column":58}}]},"5":{"type":"branch","line":80,"loc":{"start":{"line":80,"column":40},"end":{"line":80,"column":60}},"locations":[{"start":{"line":80,"column":40},"end":{"line":80,"column":60}}]},"6":{"type":"branch","line":83,"loc":{"start":{"line":83,"column":26},"end":{"line":89,"column":24}},"locations":[{"start":{"line":83,"column":26},"end":{"line":89,"column":24}}]},"7":{"type":"branch","line":125,"loc":{"start":{"line":125,"column":11},"end":{"line":131,"column":18}},"locations":[{"start":{"line":125,"column":11},"end":{"line":131,"column":18}}]},"8":{"type":"branch","line":135,"loc":{"start":{"line":135,"column":11},"end":{"line":141,"column":18}},"locations":[{"start":{"line":135,"column":11},"end":{"line":141,"column":18}}]},"9":{"type":"branch","line":147,"loc":{"start":{"line":147,"column":13},"end":{"line":147,"column":58}},"locations":[{"start":{"line":147,"column":13},"end":{"line":147,"column":58}}]},"10":{"type":"branch","line":147,"loc":{"start":{"line":147,"column":53},"end":{"line":158,"column":20}},"locations":[{"start":{"line":147,"column":53},"end":{"line":158,"column":20}}]},"11":{"type":"branch","line":158,"loc":{"start":{"line":158,"column":14},"end":{"line":160,"column":97}},"locations":[{"start":{"line":158,"column":14},"end":{"line":160,"column":97}}]},"12":{"type":"branch","line":149,"loc":{"start":{"line":149,"column":35},"end":{"line":156,"column":24}},"locations":[{"start":{"line":149,"column":35},"end":{"line":156,"column":24}}]},"13":{"type":"branch","line":154,"loc":{"start":{"line":154,"column":28},"end":{"line":154,"column":86}},"locations":[{"start":{"line":154,"column":28},"end":{"line":154,"column":86}}]},"14":{"type":"branch","line":175,"loc":{"start":{"line":175,"column":0},"end":{"line":227,"column":1}},"locations":[{"start":{"line":175,"column":0},"end":{"line":227,"column":1}}]},"15":{"type":"branch","line":197,"loc":{"start":{"line":197,"column":25},"end":{"line":197,"column":54}},"locations":[{"start":{"line":197,"column":25},"end":{"line":197,"column":54}}]},"16":{"type":"branch","line":197,"loc":{"start":{"line":197,"column":36},"end":{"line":197,"column":56}},"locations":[{"start":{"line":197,"column":36},"end":{"line":197,"column":56}}]},"17":{"type":"branch","line":200,"loc":{"start":{"line":200,"column":22},"end":{"line":206,"column":20}},"locations":[{"start":{"line":200,"column":22},"end":{"line":206,"column":20}}]},"18":{"type":"branch","line":188,"loc":{"start":{"line":188,"column":17},"end":{"line":188,"column":44}},"locations":[{"start":{"line":188,"column":17},"end":{"line":188,"column":44}}]},"19":{"type":"branch","line":219,"loc":{"start":{"line":219,"column":17},"end":{"line":219,"column":45}},"locations":[{"start":{"line":219,"column":17},"end":{"line":219,"column":45}}]}},"b":{"0":[50],"1":[33],"2":[49],"3":[17],"4":[14],"5":[3],"6":[14],"7":[17],"8":[17],"9":[5],"10":[5],"11":[12],"12":[9],"13":[7],"14":[50],"15":[36],"16":[14],"17":[36],"18":[16],"19":[2]},"fnMap":{"0":{"name":"SatelliteStatusModal","decl":{"start":{"line":48,"column":0},"end":{"line":167,"column":1}},"loc":{"start":{"line":48,"column":0},"end":{"line":167,"column":1}},"line":48},"1":{"name":"SatelliteStatusIndicator","decl":{"start":{"line":175,"column":0},"end":{"line":227,"column":1}},"loc":{"start":{"line":175,"column":0},"end":{"line":227,"column":1}},"line":175},"2":{"name":"onClick","decl":{"start":{"line":188,"column":17},"end":{"line":188,"column":44}},"loc":{"start":{"line":188,"column":17},"end":{"line":188,"column":44}},"line":188},"3":{"name":"onClose","decl":{"start":{"line":219,"column":17},"end":{"line":219,"column":45}},"loc":{"start":{"line":219,"column":17},"end":{"line":219,"column":45}},"line":219}},"f":{"0":50,"1":50,"2":16,"3":2}}
,"/home/ayan/ground-station/frontend/mcc/src/components/Table.tsx": {"path":"/home/ayan/ground-station/frontend/mcc/src/components/Table.tsx","all":false,"statementMap":{"0":{"start":{"line":1,"column":0},"end":{"line":1,"column":8}},"8":{"start":{"line":9,"column":0},"end":{"line":9,"column":33}},"28":{"start":{"line":29,"column":0},"end":{"line":29,"column":19}},"29":{"start":{"line":30,"column":0},"end":{"line":30,"column":7}},"30":{"start":{"line":31,"column":0},"end":{"line":31,"column":10}},"31":{"start":{"line":32,"column":0},"end":{"line":32,"column":13}},"32":{"start":{"line":33,"column":0},"end":{"line":33,"column":21}},"33":{"start":{"line":34,"column":0},"end":{"line":34,"column":42}},"34":{"start":{"line":35,"column":0},"end":{"line":35,"column":19}},"35":{"start":{"line":36,"column":0},"end":{"line":36,"column":55}},"37":{"start":{"line":38,"column":0},"end":{"line":38,"column":31}},"38":{"start":{"line":39,"column":0},"end":{"line":39,"column":9}},"39":{"start":{"line":40,"column":0},"end":{"line":40,"column":12}},"40":{"start":{"line":41,"column":0},"end":{"line":41,"column":39}},"41":{"start":{"line":42,"column":0},"end":{"line":42,"column":43}},"42":{"start":{"line":43,"column":0},"end":{"line":43,"column":47}},"43":{"start":{"line":44,"column":0},"end":{"line":44,"column":12}},"44":{"start":{"line":45,"column":0},"end":{"line":45,"column":19}},"45":{"start":{"line":46,"column":0},"end":{"line":46,"column":6}},"46":{"start":{"line":47,"column":0},"end":{"line":47,"column":42}},"47":{"start":{"line":48,"column":0},"end":{"line":48,"column":5}},"49":{"start":{"line":50,"column":0},"end":{"line":50,"column":10}},"50":{"start":{"line":51,"column":0},"end":{"line":51,"column":40}},"52":{"start":{"line":53,"column":0},"end":{"line":53,"column":23}},"53":{"start":{"line":54,"column":0},"end":{"line":54,"column":57}},"54":{"start":{"line":55,"column":0},"end":{"line":55,"column":16}},"55":{"start":{"line":56,"column":0},"end":{"line":56,"column":23}},"56":{"start":{"line":57,"column":0},"end":{"line":57,"column":35}},"57":{"start":{"line":58,"column":0},"end":{"line":58,"column":38}},"58":{"start":{"line":59,"column":0},"end":{"line":59,"column":61}},"59":{"start":{"line":60,"column":0},"end":{"line":60,"column":134}},"60":{"start":{"line":61,"column":0},"end":{"line":61,"column":12}},"61":{"start":{"line":62,"column":0},"end":{"line":62,"column":14}},"65":{"start":{"line":66,"column":0},"end":{"line":66,"column":96}},"66":{"start":{"line":67,"column":0},"end":{"line":67,"column":50}},"67":{"start":{"line":68,"column":0},"end":{"line":68,"column":17}},"68":{"start":{"line":69,"column":0},"end":{"line":69,"column":59}},"69":{"start":{"line":70,"column":0},"end":{"line":70,"column":74}},"70":{"start":{"line":71,"column":0},"end":{"line":71,"column":54}},"71":{"start":{"line":72,"column":0},"end":{"line":72,"column":21}},"72":{"start":{"line":73,"column":0},"end":{"line":73,"column":35}},"73":{"start":{"line":74,"column":0},"end":{"line":74,"column":85}},"75":{"start":{"line":76,"column":0},"end":{"line":76,"column":41}},"76":{"start":{"line":77,"column":0},"end":{"line":77,"column":28}},"77":{"start":{"line":78,"column":0},"end":{"line":78,"column":88}},"78":{"start":{"line":79,"column":0},"end":{"line":79,"column":23}},"79":{"start":{"line":80,"column":0},"end":{"line":80,"column":19}},"80":{"start":{"line":81,"column":0},"end":{"line":81,"column":19}},"81":{"start":{"line":82,"column":0},"end":{"line":82,"column":15}},"82":{"start":{"line":83,"column":0},"end":{"line":83,"column":18}},"83":{"start":{"line":84,"column":0},"end":{"line":84,"column":17}},"84":{"start":{"line":85,"column":0},"end":{"line":85,"column":52}},"85":{"start":{"line":86,"column":0},"end":{"line":86,"column":17}},"86":{"start":{"line":87,"column":0},"end":{"line":87,"column":28}},"87":{"start":{"line":88,"column":0},"end":{"line":88,"column":87}},"88":{"start":{"line":89,"column":0},"end":{"line":89,"column":52}},"89":{"start":{"line":90,"column":0},"end":{"line":90,"column":19}},"90":{"start":{"line":91,"column":0},"end":{"line":91,"column":58}},"92":{"start":{"line":93,"column":0},"end":{"line":93,"column":54}},"93":{"start":{"line":94,"column":0},"end":{"line":94,"column":74}},"94":{"start":{"line":95,"column":0},"end":{"line":95,"column":79}},"95":{"start":{"line":96,"column":0},"end":{"line":96,"column":23}},"96":{"start":{"line":97,"column":0},"end":{"line":97,"column":19}},"97":{"start":{"line":98,"column":0},"end":{"line":98,"column":19}},"98":{"start":{"line":99,"column":0},"end":{"line":99,"column":15}},"99":{"start":{"line":100,"column":0},"end":{"line":100,"column":18}},"100":{"start":{"line":101,"column":0},"end":{"line":101,"column":16}},"101":{"start":{"line":102,"column":0},"end":{"line":102,"column":12}},"102":{"start":{"line":103,"column":0},"end":{"line":103,"column":10}},"104":{"start":{"line":105,"column":0},"end":{"line":105,"column":1}},"106":{"start":{"line":107,"column":0},"end":{"line":107,"column":21}}},"s":{"0":1,"8":1,"28":23,"29":23,"30":23,"31":23,"32":23,"33":23,"34":23,"35":23,"37":23,"38":23,"39":23,"40":23,"41":23,"42":23,"43":23,"44":23,"45":23,"46":23,"47":23,"49":23,"50":23,"52":23,"53":22,"54":22,"55":22,"56":22,"57":22,"58":22,"59":22,"60":22,"61":22,"65":23,"66":23,"67":23,"68":23,"69":23,"70":23,"71":121,"72":121,"73":121,"75":121,"76":0,"77":121,"78":121,"79":23,"80":23,"81":23,"82":23,"83":23,"84":23,"85":42,"86":42,"87":42,"88":42,"89":42,"90":42,"92":42,"93":214,"94":214,"95":214,"96":42,"97":42,"98":23,"99":23,"100":23,"101":23,"102":23,"104":23,"106":1},"branchMap":{"0":{"type":"branch","line":29,"loc":{"start":{"line":29,"column":0},"end":{"line":105,"column":1}},"locations":[{"start":{"line":29,"column":0},"end":{"line":105,"column":1}}]},"1":{"type":"branch","line":53,"loc":{"start":{"line":53,"column":7},"end":{"line":62,"column":14}},"locations":[{"start":{"line":53,"column":7},"end":{"line":62,"column":14}}]},"2":{"type":"branch","line":58,"loc":{"start":{"line":58,"column":19},"end":{"line":58,"column":38}},"locations":[{"start":{"line":58,"column":19},"end":{"line":58,"column":38}}]},"3":{"type":"branch","line":69,"loc":{"start":{"line":69,"column":41},"end":{"line":81,"column":19}},"locations":[{"start":{"line":69,"column":41},"end":{"line":81,"column":19}}]},"4":{"type":"branch","line":71,"loc":{"start":{"line":71,"column":41},"end":{"line":79,"column":23}},"locations":[{"start":{"line":71,"column":41},"end":{"line":79,"column":23}}]},"5":{"type":"branch","line":76,"loc":{"start":{"line":76,"column":28},"end":{"line":77,"column":28}},"locations":[{"start":{"line":76,"column":28},"end":{"line":77,"column":28}}]},"6":{"type":"branch","line":85,"loc":{"start":{"line":85,"column":42},"end":{"line":98,"column":19}},"locations":[{"start":{"line":85,"column":42},"end":{"line":98,"column":19}}]},"7":{"type":"branch","line":89,"loc":{"start":{"line":89,"column":18},"end":{"line":89,"column":50}},"locations":[{"start":{"line":89,"column":18},"end":{"line":89,"column":50}}]},"8":{"type":"branch","line":89,"loc":{"start":{"line":89,"column":31},"end":{"line":89,"column":52}},"locations":[{"start":{"line":89,"column":31},"end":{"line":89,"column":52}}]},"9":{"type":"branch","line":91,"loc":{"start":{"line":91,"column":25},"end":{"line":91,"column":58}},"locations":[{"start":{"line":91,"column":25},"end":{"line":91,"column":58}}]},"10":{"type":"branch","line":93,"loc":{"start":{"line":93,"column":43},"end":{"line":96,"column":23}},"locations":[{"start":{"line":93,"column":43},"end":{"line":96,"column":23}}]}},"b":{"0":[23],"1":[22],"2":[0],"3":[23],"4":[121],"5":[0],"6":[42],"7":[2],"8":[40],"9":[1],"10":[214]},"fnMap":{"0":{"name":"Table","decl":{"start":{"line":29,"column":0},"end":{"line":105,"column":1}},"loc":{"start":{"line":29,"column":0},"end":{"line":105,"column":1}},"line":29},"1":{"name":"onChange","decl":{"start":{"line":59,"column":22},"end":{"line":59,"column":61}},"loc":{"start":{"line":59,"column":22},"end":{"line":59,"column":61}},"line":59},"2":{"name":"onClick","decl":{"start":{"line":91,"column":25},"end":{"line":91,"column":58}},"loc":{"start":{"line":91,"column":25},"end":{"line":91,"column":58}},"line":91}},"f":{"0":23,"1":0,"2":1}}
,"/home/ayan/ground-station/frontend/mcc/src/contexts/AuthContext.tsx": {"path":"/home/ayan/ground-station/frontend/mcc/src/contexts/AuthContext.tsx","all":false,"statementMap":{"0":{"start":{"line":1,"column":0},"end":{"line":1,"column":66}},"1":{"start":{"line":2,"column":0},"end":{"line":2,"column":55}},"9":{"start":{"line":10,"column":0},"end":{"line":10,"column":68}},"16":{"start":{"line":17,"column":0},"end":{"line":17,"column":69}},"17":{"start":{"line":18,"column":0},"end":{"line":18,"column":55}},"19":{"start":{"line":20,"column":0},"end":{"line":20,"column":28}},"20":{"start":{"line":21,"column":0},"end":{"line":21,"column":35}},"21":{"start":{"line":22,"column":0},"end":{"line":22,"column":14}},"22":{"start":{"line":23,"column":0},"end":{"line":23,"column":20}},"23":{"start":{"line":24,"column":0},"end":{"line":24,"column":21}},"24":{"start":{"line":25,"column":0},"end":{"line":25,"column":6}},"25":{"start":{"line":26,"column":0},"end":{"line":26,"column":4}},"27":{"start":{"line":28,"column":0},"end":{"line":28,"column":79}},"28":{"start":{"line":29,"column":0},"end":{"line":29,"column":1}},"34":{"start":{"line":35,"column":0},"end":{"line":35,"column":38}},"35":{"start":{"line":36,"column":0},"end":{"line":36,"column":38}},"36":{"start":{"line":37,"column":0},"end":{"line":37,"column":72}},"37":{"start":{"line":38,"column":0},"end":{"line":38,"column":13}},"38":{"start":{"line":39,"column":0},"end":{"line":39,"column":1}}},"s":{"0":1,"1":1,"9":1,"16":1,"17":14,"19":14,"20":14,"21":14,"22":14,"23":1,"24":1,"25":14,"27":14,"28":14,"34":1,"35":18,"36":18,"37":15,"38":15},"branchMap":{"0":{"type":"branch","line":17,"loc":{"start":{"line":17,"column":7},"end":{"line":29,"column":1}},"locations":[{"start":{"line":17,"column":7},"end":{"line":29,"column":1}}]},"1":{"type":"branch","line":21,"loc":{"start":{"line":21,"column":21},"end":{"line":21,"column":35}},"locations":[{"start":{"line":21,"column":21},"end":{"line":21,"column":35}}]},"2":{"type":"branch","line":23,"loc":{"start":{"line":23,"column":13},"end":{"line":25,"column":6}},"locations":[{"start":{"line":23,"column":13},"end":{"line":25,"column":6}}]},"3":{"type":"branch","line":35,"loc":{"start":{"line":35,"column":7},"end":{"line":39,"column":1}},"locations":[{"start":{"line":35,"column":7},"end":{"line":39,"column":1}}]},"4":{"type":"branch","line":37,"loc":{"start":{"line":37,"column":12},"end":{"line":37,"column":72}},"locations":[{"start":{"line":37,"column":12},"end":{"line":37,"column":72}}]},"5":{"type":"branch","line":37,"loc":{"start":{"line":37,"column":70},"end":{"line":39,"column":1}},"locations":[{"start":{"line":37,"column":70},"end":{"line":39,"column":1}}]}},"b":{"0":[14],"1":[8],"2":[1],"3":[18],"4":[2],"5":[15]},"fnMap":{"0":{"name":"AuthProvider","decl":{"start":{"line":17,"column":7},"end":{"line":29,"column":1}},"loc":{"start":{"line":17,"column":7},"end":{"line":29,"column":1}},"line":17},"1":{"name":"recheck","decl":{"start":{"line":23,"column":13},"end":{"line":25,"column":6}},"loc":{"start":{"line":23,"column":13},"end":{"line":25,"column":6}},"line":23},"2":{"name":"useAuth","decl":{"start":{"line":35,"column":7},"end":{"line":39,"column":1}},"loc":{"start":{"line":35,"column":7},"end":{"line":39,"column":1}},"line":35}},"f":{"0":14,"1":1,"2":18}}
,"/home/ayan/ground-station/frontend/mcc/src/contexts/ThemeContext.tsx": {"path":"/home/ayan/ground-station/frontend/mcc/src/contexts/ThemeContext.tsx","all":false,"statementMap":{"0":{"start":{"line":1,"column":0},"end":{"line":1,"column":71}},"9":{"start":{"line":10,"column":0},"end":{"line":10,"column":76}},"11":{"start":{"line":12,"column":0},"end":{"line":12,"column":76}},"12":{"start":{"line":13,"column":0},"end":{"line":13,"column":51}},"13":{"start":{"line":14,"column":0},"end":{"line":14,"column":65}},"14":{"start":{"line":15,"column":0},"end":{"line":15,"column":30}},"16":{"start":{"line":17,"column":0},"end":{"line":17,"column":68}},"18":{"start":{"line":19,"column":0},"end":{"line":19,"column":20}},"19":{"start":{"line":20,"column":0},"end":{"line":20,"column":5}},"20":{"start":{"line":21,"column":0},"end":{"line":21,"column":19}},"21":{"start":{"line":22,"column":0},"end":{"line":22,"column":5}},"23":{"start":{"line":24,"column":0},"end":{"line":24,"column":19}},"24":{"start":{"line":25,"column":0},"end":{"line":25,"column":42}},"25":{"start":{"line":26,"column":0},"end":{"line":26,"column":27}},"26":{"start":{"line":27,"column":0},"end":{"line":27,"column":33}},"27":{"start":{"line":28,"column":0},"end":{"line":28,"column":12}},"28":{"start":{"line":29,"column":0},"end":{"line":29,"column":36}},"29":{"start":{"line":30,"column":0},"end":{"line":30,"column":5}},"30":{"start":{"line":31,"column":0},"end":{"line":31,"column":41}},"31":{"start":{"line":32,"column":0},"end":{"line":32,"column":14}},"33":{"start":{"line":34,"column":0},"end":{"line":34,"column":29}},"34":{"start":{"line":35,"column":0},"end":{"line":35,"column":62}},"35":{"start":{"line":36,"column":0},"end":{"line":36,"column":4}},"37":{"start":{"line":38,"column":0},"end":{"line":38,"column":98}},"38":{"start":{"line":39,"column":0},"end":{"line":39,"column":1}},"40":{"start":{"line":41,"column":0},"end":{"line":41,"column":28}},"41":{"start":{"line":42,"column":0},"end":{"line":42,"column":43}},"42":{"start":{"line":43,"column":0},"end":{"line":43,"column":17}},"43":{"start":{"line":44,"column":0},"end":{"line":44,"column":66}},"44":{"start":{"line":45,"column":0},"end":{"line":45,"column":3}},"45":{"start":{"line":46,"column":0},"end":{"line":46,"column":17}},"46":{"start":{"line":47,"column":0},"end":{"line":47,"column":1}}},"s":{"0":1,"9":1,"11":1,"12":15,"13":12,"14":12,"16":12,"18":1,"19":1,"20":9,"21":15,"23":15,"24":15,"25":15,"26":5,"27":12,"28":10,"29":10,"30":15,"31":15,"33":15,"34":3,"35":3,"37":15,"38":15,"40":1,"41":21,"42":21,"43":2,"44":2,"45":18,"46":18},"branchMap":{"0":{"type":"branch","line":12,"loc":{"start":{"line":12,"column":7},"end":{"line":39,"column":1}},"locations":[{"start":{"line":12,"column":7},"end":{"line":39,"column":1}}]},"1":{"type":"branch","line":13,"loc":{"start":{"line":13,"column":44},"end":{"line":22,"column":3}},"locations":[{"start":{"line":13,"column":44},"end":{"line":22,"column":3}}]},"2":{"type":"branch","line":15,"loc":{"start":{"line":15,"column":16},"end":{"line":15,"column":30}},"locations":[{"start":{"line":15,"column":16},"end":{"line":15,"column":30}}]},"3":{"type":"branch","line":15,"loc":{"start":{"line":15,"column":23},"end":{"line":17,"column":67}},"locations":[{"start":{"line":15,"column":23},"end":{"line":17,"column":67}}]},"4":{"type":"branch","line":17,"loc":{"start":{"line":17,"column":67},"end":{"line":20,"column":5}},"locations":[{"start":{"line":17,"column":67},"end":{"line":20,"column":5}}]},"5":{"type":"branch","line":20,"loc":{"start":{"line":20,"column":4},"end":{"line":21,"column":19}},"locations":[{"start":{"line":20,"column":4},"end":{"line":21,"column":19}}]},"6":{"type":"branch","line":24,"loc":{"start":{"line":24,"column":12},"end":{"line":32,"column":5}},"locations":[{"start":{"line":24,"column":12},"end":{"line":32,"column":5}}]},"7":{"type":"branch","line":26,"loc":{"start":{"line":26,"column":26},"end":{"line":30,"column":5}},"locations":[{"start":{"line":26,"column":26},"end":{"line":30,"column":5}}]},"8":{"type":"branch","line":26,"loc":{"start":{"line":26,"column":26},"end":{"line":28,"column":11}},"locations":[{"start":{"line":26,"column":26},"end":{"line":28,"column":11}}]},"9":{"type":"branch","line":28,"loc":{"start":{"line":28,"column":4},"end":{"line":30,"column":5}},"locations":[{"start":{"line":28,"column":4},"end":{"line":30,"column":5}}]},"10":{"type":"branch","line":34,"loc":{"start":{"line":34,"column":22},"end":{"line":36,"column":4}},"locations":[{"start":{"line":34,"column":22},"end":{"line":36,"column":4}}]},"11":{"type":"branch","line":35,"loc":{"start":{"line":35,"column":13},"end":{"line":35,"column":60}},"locations":[{"start":{"line":35,"column":13},"end":{"line":35,"column":60}}]},"12":{"type":"branch","line":35,"loc":{"start":{"line":35,"column":33},"end":{"line":35,"column":52}},"locations":[{"start":{"line":35,"column":33},"end":{"line":35,"column":52}}]},"13":{"type":"branch","line":35,"loc":{"start":{"line":35,"column":43},"end":{"line":35,"column":60}},"locations":[{"start":{"line":35,"column":43},"end":{"line":35,"column":60}}]},"14":{"type":"branch","line":41,"loc":{"start":{"line":41,"column":7},"end":{"line":47,"column":1}},"locations":[{"start":{"line":41,"column":7},"end":{"line":47,"column":1}}]},"15":{"type":"branch","line":43,"loc":{"start":{"line":43,"column":16},"end":{"line":45,"column":3}},"locations":[{"start":{"line":43,"column":16},"end":{"line":45,"column":3}}]},"16":{"type":"branch","line":45,"loc":{"start":{"line":45,"column":2},"end":{"line":47,"column":1}},"locations":[{"start":{"line":45,"column":2},"end":{"line":47,"column":1}}]}},"b":{"0":[15],"1":[12],"2":[2],"3":[10],"4":[1],"5":[9],"6":[15],"7":[12],"8":[5],"9":[10],"10":[3],"11":[3],"12":[2],"13":[1],"14":[21],"15":[2],"16":[18]},"fnMap":{"0":{"name":"ThemeProvider","decl":{"start":{"line":12,"column":7},"end":{"line":39,"column":1}},"loc":{"start":{"line":12,"column":7},"end":{"line":39,"column":1}},"line":12},"1":{"name":"toggleTheme","decl":{"start":{"line":34,"column":22},"end":{"line":36,"column":4}},"loc":{"start":{"line":34,"column":22},"end":{"line":36,"column":4}},"line":34},"2":{"name":"useTheme","decl":{"start":{"line":41,"column":7},"end":{"line":47,"column":1}},"loc":{"start":{"line":41,"column":7},"end":{"line":47,"column":1}},"line":41}},"f":{"0":15,"1":3,"2":21}}
,"/home/ayan/ground-station/frontend/mcc/src/hooks/use-mobile.ts": {"path":"/home/ayan/ground-station/frontend/mcc/src/hooks/use-mobile.ts","all":false,"statementMap":{"0":{"start":{"line":1,"column":0},"end":{"line":1,"column":26}},"2":{"start":{"line":3,"column":0},"end":{"line":3,"column":30}},"4":{"start":{"line":5,"column":0},"end":{"line":5,"column":31}},"5":{"start":{"line":6,"column":0},"end":{"line":6,"column":81}},"7":{"start":{"line":8,"column":0},"end":{"line":8,"column":25}},"8":{"start":{"line":9,"column":0},"end":{"line":9,"column":77}},"9":{"start":{"line":10,"column":0},"end":{"line":10,"column":28}},"10":{"start":{"line":11,"column":0},"end":{"line":11,"column":57}},"11":{"start":{"line":12,"column":0},"end":{"line":12,"column":6}},"12":{"start":{"line":13,"column":0},"end":{"line":13,"column":45}},"13":{"start":{"line":14,"column":0},"end":{"line":14,"column":55}},"14":{"start":{"line":15,"column":0},"end":{"line":15,"column":61}},"15":{"start":{"line":16,"column":0},"end":{"line":16,"column":9}},"17":{"start":{"line":18,"column":0},"end":{"line":18,"column":20}},"18":{"start":{"line":19,"column":0},"end":{"line":19,"column":1}}},"s":{"0":1,"2":1,"4":1,"5":5,"7":5,"8":2,"9":2,"10":1,"11":1,"12":2,"13":2,"14":2,"15":5,"17":5,"18":5},"branchMap":{"0":{"type":"branch","line":5,"loc":{"start":{"line":5,"column":7},"end":{"line":19,"column":1}},"locations":[{"start":{"line":5,"column":7},"end":{"line":19,"column":1}}]},"1":{"type":"branch","line":8,"loc":{"start":{"line":8,"column":18},"end":{"line":16,"column":5}},"locations":[{"start":{"line":8,"column":18},"end":{"line":16,"column":5}}]},"2":{"type":"branch","line":10,"loc":{"start":{"line":10,"column":21},"end":{"line":12,"column":6}},"locations":[{"start":{"line":10,"column":21},"end":{"line":12,"column":6}}]},"3":{"type":"branch","line":15,"loc":{"start":{"line":15,"column":11},"end":{"line":15,"column":61}},"locations":[{"start":{"line":15,"column":11},"end":{"line":15,"column":61}}]}},"b":{"0":[5],"1":[2],"2":[1],"3":[2]},"fnMap":{"0":{"name":"useIsMobile","decl":{"start":{"line":5,"column":7},"end":{"line":19,"column":1}},"loc":{"start":{"line":5,"column":7},"end":{"line":19,"column":1}},"line":5},"1":{"name":"onChange","decl":{"start":{"line":10,"column":21},"end":{"line":12,"column":6}},"loc":{"start":{"line":10,"column":21},"end":{"line":12,"column":6}},"line":10}},"f":{"0":5,"1":1}}
,"/home/ayan/ground-station/frontend/mcc/src/hooks/useAuthStatus.ts": {"path":"/home/ayan/ground-station/frontend/mcc/src/hooks/useAuthStatus.ts","all":false,"statementMap":{"0":{"start":{"line":1,"column":0},"end":{"line":1,"column":49}},"1":{"start":{"line":2,"column":0},"end":{"line":2,"column":47}},"7":{"start":{"line":8,"column":0},"end":{"line":8,"column":52}},"8":{"start":{"line":9,"column":0},"end":{"line":9,"column":7}},"9":{"start":{"line":10,"column":0},"end":{"line":10,"column":85}},"10":{"start":{"line":11,"column":0},"end":{"line":11,"column":18}},"11":{"start":{"line":12,"column":0},"end":{"line":12,"column":11}},"12":{"start":{"line":13,"column":0},"end":{"line":13,"column":17}},"13":{"start":{"line":14,"column":0},"end":{"line":14,"column":3}},"14":{"start":{"line":15,"column":0},"end":{"line":15,"column":1}},"25":{"start":{"line":26,"column":0},"end":{"line":26,"column":36}},"26":{"start":{"line":27,"column":0},"end":{"line":27,"column":19}},"27":{"start":{"line":28,"column":0},"end":{"line":28,"column":33}},"28":{"start":{"line":29,"column":0},"end":{"line":29,"column":29}},"29":{"start":{"line":30,"column":0},"end":{"line":30,"column":5}},"30":{"start":{"line":31,"column":0},"end":{"line":31,"column":2}}},"s":{"0":1,"1":1,"7":12,"8":12,"9":12,"10":11,"11":12,"12":2,"13":2,"14":12,"25":1,"26":20,"27":20,"28":20,"29":20,"30":20},"branchMap":{"0":{"type":"branch","line":8,"loc":{"start":{"line":8,"column":0},"end":{"line":15,"column":1}},"locations":[{"start":{"line":8,"column":0},"end":{"line":15,"column":1}}]},"1":{"type":"branch","line":10,"loc":{"start":{"line":10,"column":83},"end":{"line":12,"column":10}},"locations":[{"start":{"line":10,"column":83},"end":{"line":12,"column":10}}]},"2":{"type":"branch","line":12,"loc":{"start":{"line":12,"column":2},"end":{"line":14,"column":3}},"locations":[{"start":{"line":12,"column":2},"end":{"line":14,"column":3}}]},"3":{"type":"branch","line":26,"loc":{"start":{"line":26,"column":29},"end":{"line":31,"column":2}},"locations":[{"start":{"line":26,"column":29},"end":{"line":31,"column":2}}]}},"b":{"0":[12],"1":[11],"2":[2],"3":[20]},"fnMap":{"0":{"name":"fetchAuthStatus","decl":{"start":{"line":8,"column":0},"end":{"line":15,"column":1}},"loc":{"start":{"line":8,"column":0},"end":{"line":15,"column":1}},"line":8},"1":{"name":"useAuthStatus","decl":{"start":{"line":26,"column":29},"end":{"line":31,"column":2}},"loc":{"start":{"line":26,"column":29},"end":{"line":31,"column":2}},"line":26}},"f":{"0":12,"1":20}}
,"/home/ayan/ground-station/frontend/mcc/src/hooks/useCommands.ts": {"path":"/home/ayan/ground-station/frontend/mcc/src/hooks/useCommands.ts","all":false,"statementMap":{"0":{"start":{"line":1,"column":0},"end":{"line":1,"column":78}},"1":{"start":{"line":2,"column":0},"end":{"line":2,"column":74}},"30":{"start":{"line":31,"column":0},"end":{"line":31,"column":78}},"31":{"start":{"line":32,"column":0},"end":{"line":32,"column":76}},"32":{"start":{"line":33,"column":0},"end":{"line":33,"column":27}},"33":{"start":{"line":34,"column":0},"end":{"line":34,"column":27}},"34":{"start":{"line":35,"column":0},"end":{"line":35,"column":5}},"35":{"start":{"line":36,"column":0},"end":{"line":36,"column":57}},"36":{"start":{"line":37,"column":0},"end":{"line":37,"column":19}},"37":{"start":{"line":38,"column":0},"end":{"line":38,"column":1}},"44":{"start":{"line":45,"column":0},"end":{"line":45,"column":79}},"45":{"start":{"line":46,"column":0},"end":{"line":46,"column":56}},"46":{"start":{"line":47,"column":0},"end":{"line":47,"column":19}},"47":{"start":{"line":48,"column":0},"end":{"line":48,"column":27}},"48":{"start":{"line":49,"column":0},"end":{"line":49,"column":27}},"49":{"start":{"line":50,"column":0},"end":{"line":50,"column":34}},"50":{"start":{"line":51,"column":0},"end":{"line":51,"column":5}},"51":{"start":{"line":52,"column":0},"end":{"line":52,"column":56}},"52":{"start":{"line":53,"column":0},"end":{"line":53,"column":19}},"53":{"start":{"line":54,"column":0},"end":{"line":54,"column":1}},"61":{"start":{"line":62,"column":0},"end":{"line":62,"column":98}},"62":{"start":{"line":63,"column":0},"end":{"line":63,"column":68}},"63":{"start":{"line":64,"column":0},"end":{"line":64,"column":20}},"64":{"start":{"line":65,"column":0},"end":{"line":65,"column":27}},"65":{"start":{"line":66,"column":0},"end":{"line":66,"column":27}},"66":{"start":{"line":67,"column":0},"end":{"line":67,"column":34}},"67":{"start":{"line":68,"column":0},"end":{"line":68,"column":5}},"68":{"start":{"line":69,"column":0},"end":{"line":69,"column":56}},"69":{"start":{"line":70,"column":0},"end":{"line":70,"column":19}},"70":{"start":{"line":71,"column":0},"end":{"line":71,"column":1}},"77":{"start":{"line":78,"column":0},"end":{"line":78,"column":81}},"78":{"start":{"line":79,"column":0},"end":{"line":79,"column":68}},"79":{"start":{"line":80,"column":0},"end":{"line":80,"column":21}},"80":{"start":{"line":81,"column":0},"end":{"line":81,"column":27}},"81":{"start":{"line":82,"column":0},"end":{"line":82,"column":27}},"82":{"start":{"line":83,"column":0},"end":{"line":83,"column":5}},"83":{"start":{"line":84,"column":0},"end":{"line":84,"column":50}},"84":{"start":{"line":85,"column":0},"end":{"line":85,"column":1}},"86":{"start":{"line":87,"column":0},"end":{"line":87,"column":40}},"97":{"start":{"line":98,"column":0},"end":{"line":98,"column":67}},"98":{"start":{"line":99,"column":0},"end":{"line":99,"column":19}},"99":{"start":{"line":100,"column":0},"end":{"line":100,"column":38}},"100":{"start":{"line":101,"column":0},"end":{"line":101,"column":63}},"101":{"start":{"line":102,"column":0},"end":{"line":102,"column":25}},"102":{"start":{"line":103,"column":0},"end":{"line":103,"column":47}},"103":{"start":{"line":104,"column":0},"end":{"line":104,"column":5}},"104":{"start":{"line":105,"column":0},"end":{"line":105,"column":2}},"114":{"start":{"line":115,"column":0},"end":{"line":115,"column":39}},"115":{"start":{"line":116,"column":0},"end":{"line":116,"column":39}},"116":{"start":{"line":117,"column":0},"end":{"line":117,"column":22}},"117":{"start":{"line":118,"column":0},"end":{"line":118,"column":74}},"118":{"start":{"line":119,"column":0},"end":{"line":119,"column":38}},"119":{"start":{"line":120,"column":0},"end":{"line":120,"column":86}},"120":{"start":{"line":121,"column":0},"end":{"line":121,"column":6}},"121":{"start":{"line":122,"column":0},"end":{"line":122,"column":5}},"122":{"start":{"line":123,"column":0},"end":{"line":123,"column":2}},"131":{"start":{"line":132,"column":0},"end":{"line":132,"column":39}},"132":{"start":{"line":133,"column":0},"end":{"line":133,"column":39}},"133":{"start":{"line":134,"column":0},"end":{"line":134,"column":22}},"134":{"start":{"line":135,"column":0},"end":{"line":135,"column":97}},"135":{"start":{"line":136,"column":0},"end":{"line":136,"column":40}},"136":{"start":{"line":137,"column":0},"end":{"line":137,"column":22}},"137":{"start":{"line":138,"column":0},"end":{"line":138,"column":64}},"138":{"start":{"line":139,"column":0},"end":{"line":139,"column":6}},"139":{"start":{"line":140,"column":0},"end":{"line":140,"column":5}},"140":{"start":{"line":141,"column":0},"end":{"line":141,"column":2}},"149":{"start":{"line":150,"column":0},"end":{"line":150,"column":39}},"150":{"start":{"line":151,"column":0},"end":{"line":151,"column":39}},"151":{"start":{"line":152,"column":0},"end":{"line":152,"column":22}},"152":{"start":{"line":153,"column":0},"end":{"line":153,"column":64}},"153":{"start":{"line":154,"column":0},"end":{"line":154,"column":22}},"154":{"start":{"line":155,"column":0},"end":{"line":155,"column":64}},"155":{"start":{"line":156,"column":0},"end":{"line":156,"column":6}},"156":{"start":{"line":157,"column":0},"end":{"line":157,"column":5}},"157":{"start":{"line":158,"column":0},"end":{"line":158,"column":2}}},"s":{"0":1,"1":1,"30":1,"31":1,"32":1,"33":1,"34":1,"35":1,"36":1,"37":1,"44":3,"45":3,"46":3,"47":3,"48":3,"49":3,"50":3,"51":3,"52":1,"53":1,"61":1,"62":1,"63":1,"64":1,"65":1,"66":1,"67":1,"68":1,"69":1,"70":1,"77":1,"78":1,"79":1,"80":1,"81":1,"82":1,"83":1,"84":1,"86":1,"97":1,"98":3,"99":3,"100":3,"101":3,"102":3,"103":3,"104":3,"114":1,"115":2,"116":2,"117":2,"118":2,"119":1,"120":1,"121":2,"122":2,"131":1,"132":1,"133":1,"134":1,"135":1,"136":1,"137":1,"138":1,"139":1,"140":1,"149":1,"150":1,"151":1,"152":1,"153":1,"154":1,"155":1,"156":1,"157":1},"branchMap":{"0":{"type":"branch","line":31,"loc":{"start":{"line":31,"column":0},"end":{"line":38,"column":1}},"locations":[{"start":{"line":31,"column":0},"end":{"line":38,"column":1}}]},"1":{"type":"branch","line":45,"loc":{"start":{"line":45,"column":0},"end":{"line":54,"column":1}},"locations":[{"start":{"line":45,"column":0},"end":{"line":54,"column":1}}]},"2":{"type":"branch","line":52,"loc":{"start":{"line":52,"column":54},"end":{"line":54,"column":1}},"locations":[{"start":{"line":52,"column":54},"end":{"line":54,"column":1}}]},"3":{"type":"branch","line":62,"loc":{"start":{"line":62,"column":0},"end":{"line":71,"column":1}},"locations":[{"start":{"line":62,"column":0},"end":{"line":71,"column":1}}]},"4":{"type":"branch","line":78,"loc":{"start":{"line":78,"column":0},"end":{"line":85,"column":1}},"locations":[{"start":{"line":78,"column":0},"end":{"line":85,"column":1}}]},"5":{"type":"branch","line":98,"loc":{"start":{"line":98,"column":36},"end":{"line":105,"column":2}},"locations":[{"start":{"line":98,"column":36},"end":{"line":105,"column":2}}]},"6":{"type":"branch","line":101,"loc":{"start":{"line":101,"column":13},"end":{"line":101,"column":63}},"locations":[{"start":{"line":101,"column":13},"end":{"line":101,"column":63}}]},"7":{"type":"branch","line":115,"loc":{"start":{"line":115,"column":32},"end":{"line":123,"column":2}},"locations":[{"start":{"line":115,"column":32},"end":{"line":123,"column":2}}]},"8":{"type":"branch","line":118,"loc":{"start":{"line":118,"column":16},"end":{"line":118,"column":74}},"locations":[{"start":{"line":118,"column":16},"end":{"line":118,"column":74}}]},"9":{"type":"branch","line":119,"loc":{"start":{"line":119,"column":15},"end":{"line":121,"column":6}},"locations":[{"start":{"line":119,"column":15},"end":{"line":121,"column":6}}]},"10":{"type":"branch","line":132,"loc":{"start":{"line":132,"column":32},"end":{"line":141,"column":2}},"locations":[{"start":{"line":132,"column":32},"end":{"line":141,"column":2}}]},"11":{"type":"branch","line":135,"loc":{"start":{"line":135,"column":16},"end":{"line":136,"column":40}},"locations":[{"start":{"line":135,"column":16},"end":{"line":136,"column":40}}]},"12":{"type":"branch","line":137,"loc":{"start":{"line":137,"column":15},"end":{"line":139,"column":6}},"locations":[{"start":{"line":137,"column":15},"end":{"line":139,"column":6}}]},"13":{"type":"branch","line":150,"loc":{"start":{"line":150,"column":32},"end":{"line":158,"column":2}},"locations":[{"start":{"line":150,"column":32},"end":{"line":158,"column":2}}]},"14":{"type":"branch","line":153,"loc":{"start":{"line":153,"column":16},"end":{"line":153,"column":64}},"locations":[{"start":{"line":153,"column":16},"end":{"line":153,"column":64}}]},"15":{"type":"branch","line":154,"loc":{"start":{"line":154,"column":15},"end":{"line":156,"column":6}},"locations":[{"start":{"line":154,"column":15},"end":{"line":156,"column":6}}]}},"b":{"0":[1],"1":[3],"2":[1],"3":[1],"4":[1],"5":[3],"6":[1],"7":[2],"8":[3],"9":[1],"10":[1],"11":[1],"12":[1],"13":[1],"14":[1],"15":[1]},"fnMap":{"0":{"name":"fetchCommandsBySession","decl":{"start":{"line":31,"column":0},"end":{"line":38,"column":1}},"loc":{"start":{"line":31,"column":0},"end":{"line":38,"column":1}},"line":31},"1":{"name":"createCommand","decl":{"start":{"line":45,"column":0},"end":{"line":54,"column":1}},"loc":{"start":{"line":45,"column":0},"end":{"line":54,"column":1}},"line":45},"2":{"name":"updateCommand","decl":{"start":{"line":62,"column":0},"end":{"line":71,"column":1}},"loc":{"start":{"line":62,"column":0},"end":{"line":71,"column":1}},"line":62},"3":{"name":"deleteCommand","decl":{"start":{"line":78,"column":0},"end":{"line":85,"column":1}},"loc":{"start":{"line":78,"column":0},"end":{"line":85,"column":1}},"line":78},"4":{"name":"useCommandsBySession","decl":{"start":{"line":98,"column":36},"end":{"line":105,"column":2}},"loc":{"start":{"line":98,"column":36},"end":{"line":105,"column":2}},"line":98},"5":{"name":"queryFn","decl":{"start":{"line":101,"column":13},"end":{"line":101,"column":63}},"loc":{"start":{"line":101,"column":13},"end":{"line":101,"column":63}},"line":101},"6":{"name":"useCreateCommand","decl":{"start":{"line":115,"column":32},"end":{"line":123,"column":2}},"loc":{"start":{"line":115,"column":32},"end":{"line":123,"column":2}},"line":115},"7":{"name":"mutationFn","decl":{"start":{"line":118,"column":16},"end":{"line":118,"column":74}},"loc":{"start":{"line":118,"column"
[...]
line":227,"column":78},"end":{"line":227,"column":96}},"locations":[{"start":{"line":227,"column":78},"end":{"line":227,"column":96}}]},"50":{"type":"branch","line":230,"loc":{"start":{"line":230,"column":29},"end":{"line":233,"column":23}},"locations":[{"start":{"line":230,"column":29},"end":{"line":233,"column":23}}]},"51":{"type":"branch","line":242,"loc":{"start":{"line":242,"column":21},"end":{"line":262,"column":12}},"locations":[{"start":{"line":242,"column":21},"end":{"line":262,"column":12}}]},"52":{"type":"branch","line":243,"loc":{"start":{"line":243,"column":39},"end":{"line":261,"column":13}},"locations":[{"start":{"line":243,"column":39},"end":{"line":261,"column":13}}]},"53":{"type":"branch","line":245,"loc":{"start":{"line":245,"column":42},"end":{"line":247,"column":21}},"locations":[{"start":{"line":245,"column":42},"end":{"line":247,"column":21}}]},"54":{"type":"branch","line":246,"loc":{"start":{"line":246,"column":42},"end":{"line":246,"column":52}},"locations":[{"start":{"line":246,"column":42},"end":{"line":246,"column":52}}]},"55":{"type":"branch","line":247,"loc":{"start":{"line":247,"column":14},"end":{"line":251,"column":15}},"locations":[{"start":{"line":247,"column":14},"end":{"line":251,"column":15}}]},"56":{"type":"branch","line":250,"loc":{"start":{"line":250,"column":39},"end":{"line":250,"column":49}},"locations":[{"start":{"line":250,"column":39},"end":{"line":250,"column":49}}]},"57":{"type":"branch","line":254,"loc":{"start":{"line":254,"column":42},"end":{"line":256,"column":21}},"locations":[{"start":{"line":254,"column":42},"end":{"line":256,"column":21}}]},"58":{"type":"branch","line":255,"loc":{"start":{"line":255,"column":42},"end":{"line":255,"column":52}},"locations":[{"start":{"line":255,"column":42},"end":{"line":255,"column":52}}]},"59":{"type":"branch","line":256,"loc":{"start":{"line":256,"column":14},"end":{"line":260,"column":15}},"locations":[{"start":{"line":256,"column":14},"end":{"line":260,"column":15}}]},"60":{"type":"branch","line":259,"loc":{"start":{"line":259,"column":39},"end":{"line":259,"column":49}},"locations":[{"start":{"line":259,"column":39},"end":{"line":259,"column":49}}]},"61":{"type":"branch","line":248,"loc":{"start":{"line":248,"column":50},"end":{"line":248,"column":79}},"locations":[{"start":{"line":248,"column":50},"end":{"line":248,"column":79}}]},"62":{"type":"branch","line":257,"loc":{"start":{"line":257,"column":50},"end":{"line":257,"column":79}},"locations":[{"start":{"line":257,"column":50},"end":{"line":257,"column":79}}]},"63":{"type":"branch","line":270,"loc":{"start":{"line":270,"column":28},"end":{"line":270,"column":81}},"locations":[{"start":{"line":270,"column":28},"end":{"line":270,"column":81}}]},"64":{"type":"branch","line":271,"loc":{"start":{"line":271,"column":25},"end":{"line":279,"column":27}},"locations":[{"start":{"line":271,"column":25},"end":{"line":279,"column":27}}]},"65":{"type":"branch","line":274,"loc":{"start":{"line":274,"column":93},"end":{"line":274,"column":128}},"locations":[{"start":{"line":274,"column":93},"end":{"line":274,"column":128}}]},"66":{"type":"branch","line":274,"loc":{"start":{"line":274,"column":97},"end":{"line":274,"column":130}},"locations":[{"start":{"line":274,"column":97},"end":{"line":274,"column":130}}]},"67":{"type":"branch","line":284,"loc":{"start":{"line":284,"column":26},"end":{"line":284,"column":59}},"locations":[{"start":{"line":284,"column":26},"end":{"line":284,"column":59}}]},"68":{"type":"branch","line":285,"loc":{"start":{"line":285,"column":23},"end":{"line":293,"column":25}},"locations":[{"start":{"line":285,"column":23},"end":{"line":293,"column":25}}]},"69":{"type":"branch","line":288,"loc":{"start":{"line":288,"column":84},"end":{"line":288,"column":117}},"locations":[{"start":{"line":288,"column":84},"end":{"line":288,"column":117}}]},"70":{"type":"branch","line":305,"loc":{"start":{"line":305,"column":25},"end":{"line":335,"column":23}},"locations":[{"start":{"line":305,"column":25},"end":{"line":335,"column":23}}]},"71":{"type":"branch","line":313,"loc":{"start":{"line":313,"column":44},"end":{"line":313,"column":68}},"locations":[{"start":{"line":313,"column":44},"end":{"line":313,"column":68}}]},"72":{"type":"branch","line":313,"loc":{"start":{"line":313,"column":64},"end":{"line":313,"column":96}},"locations":[{"start":{"line":313,"column":64},"end":{"line":313,"column":96}}]},"73":{"type":"branch","line":313,"loc":{"start":{"line":313,"column":68},"end":{"line":313,"column":98}},"locations":[{"start":{"line":313,"column":68},"end":{"line":313,"column":98}}]},"74":{"type":"branch","line":308,"loc":{"start":{"line":308,"column":25},"end":{"line":311,"column":22}},"locations":[{"start":{"line":308,"column":25},"end":{"line":311,"column":22}}]},"75":{"type":"branch","line":309,"loc":{"start":{"line":309,"column":30},"end":{"line":310,"column":58}},"locations":[{"start":{"line":309,"column":30},"end":{"line":310,"column":58}}]},"76":{"type":"branch","line":315,"loc":{"start":{"line":315,"column":29},"end":{"line":315,"column":60}},"locations":[{"start":{"line":315,"column":29},"end":{"line":315,"column":60}}]},"77":{"type":"branch","line":320,"loc":{"start":{"line":320,"column":32},"end":{"line":320,"column":88}},"locations":[{"start":{"line":320,"column":32},"end":{"line":320,"column":88}}]},"78":{"type":"branch","line":321,"loc":{"start":{"line":321,"column":29},"end":{"line":324,"column":33}},"locations":[{"start":{"line":321,"column":29},"end":{"line":324,"column":33}}]},"79":{"type":"branch","line":329,"loc":{"start":{"line":329,"column":30},"end":{"line":329,"column":66}},"locations":[{"start":{"line":329,"column":30},"end":{"line":329,"column":66}}]},"80":{"type":"branch","line":330,"loc":{"start":{"line":330,"column":27},"end":{"line":333,"column":29}},"locations":[{"start":{"line":330,"column":27},"end":{"line":333,"column":29}}]}},"b":{"0":[3],"1":[0],"2":[1],"3":[2],"4":[62],"5":[21],"6":[0],"7":[41],"8":[0],"9":[62],"10":[62],"11":[55],"12":[9],"13":[46],"14":[1],"15":[45],"16":[43],"17":[2],"18":[43],"19":[16],"20":[7],"21":[9],"22":[12],"23":[6],"24":[6],"25":[0],"26":[16],"27":[12],"28":[18],"29":[69],"30":[54],"31":[27],"32":[27],"33":[96],"34":[56],"35":[0],"36":[672],"37":[452],"38":[14],"39":[9],"40":[5],"41":[0],"42":[5],"43":[0],"44":[0],"45":[5],"46":[0],"47":[11],"48":[1],"49":[0],"50":[86],"51":[6],"52":[3],"53":[1],"54":[0],"55":[2],"56":[0],"57":[1],"58":[0],"59":[2],"60":[0],"61":[3],"62":[3],"63":[135],"64":[90],"65":[45],"66":[45],"67":[135],"68":[45],"69":[0],"70":[66],"71":[7],"72":[7],"73":[59],"74":[124],"75":[62],"76":[1],"77":[198],"78":[132],"79":[198],"80":[66]},"fnMap":{"0":{"name":"filterFn","decl":{"start":{"line":37,"column":14},"end":{"line":41,"column":6}},"loc":{"start":{"line":37,"column":14},"end":{"line":41,"column":6}},"line":37},"1":{"name":"cell","decl":{"start":{"line":42,"column":10},"end":{"line":81,"column":6}},"loc":{"start":{"line":42,"column":10},"end":{"line":81,"column":6}},"line":42},"2":{"name":"cell","decl":{"start":{"line":85,"column":10},"end":{"line":85,"column":48}},"loc":{"start":{"line":85,"column":10},"end":{"line":85,"column":48}},"line":85},"3":{"name":"cell","decl":{"start":{"line":90,"column":10},"end":{"line":90,"column":44}},"loc":{"start":{"line":90,"column":10},"end":{"line":90,"column":44}},"line":90},"4":{"name":"Telemetry","decl":{"start":{"line":95,"column":0},"end":{"line":344,"column":1}},"loc":{"start":{"line":95,"column":0},"end":{"line":344,"column":1}},"line":95},"5":{"name":"getSubRows","decl":{"start":{"line":141,"column":16},"end":{"line":141,"column":37}},"loc":{"start":{"line":141,"column":16},"end":{"line":141,"column":37}},"line":141},"6":{"name":"globalFilterFn","decl":{"start":{"line":147,"column":20},"end":{"line":164,"column":6}},"loc":{"start":{"line":147,"column":20},"end":{"line":164,"column":6}},"line":147},"7":{"name":"matchesRow","decl":{"start":{"line":150,"column":25},"end":{"line":161,"column":8}},"loc":{"start":{"line":150,"column":25},"end":{"line":161,"column":8}},"line":150},"8":{"name":"onChange","decl":{"start":{"line":222,"column":22},"end":{"line":222,"column":61}},"loc":{"start":{"line":222,"column":22},"end":{"line":222,"column":61}},"line":222},"9":{"name":"onChange","decl":{"start":{"line":227,"column":22},"end":{"line":227,"column":98}},"loc":{"start":{"line":227,"column":22},"end":{"line":227,"column":98}},"line":227},"10":{"name":"onKeyDown","decl":{"start":{"line":242,"column":21},"end":{"line":262,"column":12}},"loc":{"start":{"line":242,"column":21},"end":{"line":262,"column":12}},"line":242},"11":{"name":"ref","decl":{"start":{"line":308,"column":25},"end":{"line":311,"column":22}},"loc":{"start":{"line":308,"column":25},"end":{"line":311,"column":22}},"line":308},"12":{"name":"onClick","decl":{"start":{"line":315,"column":29},"end":{"line":315,"column":60}},"loc":{"start":{"line":315,"column":29},"end":{"line":315,"column":60}},"line":315}},"f":{"0":3,"1":62,"2":62,"3":62,"4":55,"5":18,"6":69,"7":96,"8":11,"9":1,"10":6,"11":124,"12":1}}
,"/home/ayan/ground-station/frontend/mcc/src/services/Toast.service.ts": {"path":"/home/ayan/ground-station/frontend/mcc/src/services/Toast.service.ts","all":false,"statementMap":{"0":{"start":{"line":1,"column":0},"end":{"line":1,"column":58}},"2":{"start":{"line":3,"column":0},"end":{"line":3,"column":39}},"3":{"start":{"line":4,"column":0},"end":{"line":4,"column":24}},"4":{"start":{"line":5,"column":0},"end":{"line":5,"column":18}},"5":{"start":{"line":6,"column":0},"end":{"line":6,"column":25}},"6":{"start":{"line":7,"column":0},"end":{"line":7,"column":21}},"7":{"start":{"line":8,"column":0},"end":{"line":8,"column":21}},"8":{"start":{"line":9,"column":0},"end":{"line":9,"column":18}},"9":{"start":{"line":10,"column":0},"end":{"line":10,"column":22}},"10":{"start":{"line":11,"column":0},"end":{"line":11,"column":16}},"11":{"start":{"line":12,"column":0},"end":{"line":12,"column":2}},"17":{"start":{"line":18,"column":0},"end":{"line":18,"column":51}},"18":{"start":{"line":19,"column":0},"end":{"line":19,"column":26}},"19":{"start":{"line":20,"column":0},"end":{"line":20,"column":23}},"20":{"start":{"line":21,"column":0},"end":{"line":21,"column":14}},"21":{"start":{"line":22,"column":0},"end":{"line":22,"column":100}},"22":{"start":{"line":23,"column":0},"end":{"line":23,"column":38}},"23":{"start":{"line":24,"column":0},"end":{"line":24,"column":5}},"24":{"start":{"line":25,"column":0},"end":{"line":25,"column":2}},"30":{"start":{"line":31,"column":0},"end":{"line":31,"column":49}},"31":{"start":{"line":32,"column":0},"end":{"line":32,"column":24}},"32":{"start":{"line":33,"column":0},"end":{"line":33,"column":23}},"33":{"start":{"line":34,"column":0},"end":{"line":34,"column":14}},"34":{"start":{"line":35,"column":0},"end":{"line":35,"column":96}},"35":{"start":{"line":36,"column":0},"end":{"line":36,"column":36}},"36":{"start":{"line":37,"column":0},"end":{"line":37,"column":5}},"37":{"start":{"line":38,"column":0},"end":{"line":38,"column":2}},"39":{"start":{"line":40,"column":0},"end":{"line":40,"column":22}},"40":{"start":{"line":41,"column":0},"end":{"line":41,"column":10}},"41":{"start":{"line":42,"column":0},"end":{"line":42,"column":8}},"42":{"start":{"line":43,"column":0},"end":{"line":43,"column":2}},"44":{"start":{"line":45,"column":0},"end":{"line":45,"column":28}}},"s":{"0":1,"2":1,"3":1,"4":1,"5":1,"6":1,"7":1,"8":1,"9":1,"10":1,"11":1,"17":1,"18":1,"19":1,"20":1,"21":1,"22":1,"23":1,"24":1,"30":1,"31":1,"32":1,"33":1,"34":1,"35":1,"36":1,"37":1,"39":1,"40":1,"41":1,"42":1,"44":1},"branchMap":{"0":{"type":"branch","line":18,"loc":{"start":{"line":18,"column":23},"end":{"line":25,"column":2}},"locations":[{"start":{"line":18,"column":23},"end":{"line":25,"column":2}}]},"1":{"type":"branch","line":31,"loc":{"start":{"line":31,"column":21},"end":{"line":38,"column":2}},"locations":[{"start":{"line":31,"column":21},"end":{"line":38,"column":2}}]}},"b":{"0":[1],"1":[1]},"fnMap":{"0":{"name":"success","decl":{"start":{"line":18,"column":23},"end":{"line":25,"column":2}},"loc":{"start":{"line":18,"column":23},"end":{"line":25,"column":2}},"line":18},"1":{"name":"error","decl":{"start":{"line":31,"column":21},"end":{"line":38,"column":2}},"loc":{"start":{"line":31,"column":21},"end":{"line":38,"column":2}},"line":31}},"f":{"0":1,"1":1}}
,"/home/ayan/ground-station/frontend/mcc/src/utils/commandParams.ts": {"path":"/home/ayan/ground-station/frontend/mcc/src/utils/commandParams.ts","all":false,"statementMap":{"13":{"start":{"line":14,"column":0},"end":{"line":14,"column":86}},"14":{"start":{"line":15,"column":0},"end":{"line":15,"column":60}},"16":{"start":{"line":17,"column":0},"end":{"line":17,"column":67}},"17":{"start":{"line":18,"column":0},"end":{"line":18,"column":81}},"19":{"start":{"line":20,"column":0},"end":{"line":20,"column":33}},"20":{"start":{"line":21,"column":0},"end":{"line":21,"column":41}},"21":{"start":{"line":22,"column":0},"end":{"line":22,"column":42}},"22":{"start":{"line":23,"column":0},"end":{"line":23,"column":93}},"23":{"start":{"line":24,"column":0},"end":{"line":24,"column":26}},"24":{"start":{"line":25,"column":0},"end":{"line":25,"column":5}},"25":{"start":{"line":26,"column":0},"end":{"line":26,"column":1}}},"s":{"13":1,"14":44,"16":23,"17":23,"19":23,"20":44,"21":44,"22":44,"23":44,"24":23,"25":23},"branchMap":{"0":{"type":"branch","line":14,"loc":{"start":{"line":14,"column":7},"end":{"line":26,"column":1}},"locations":[{"start":{"line":14,"column":7},"end":{"line":26,"column":1}}]},"1":{"type":"branch","line":15,"loc":{"start":{"line":15,"column":19},"end":{"line":15,"column":50}},"locations":[{"start":{"line":15,"column":19},"end":{"line":15,"column":50}}]},"2":{"type":"branch","line":15,"loc":{"start":{"line":15,"column":50},"end":{"line":15,"column":60}},"locations":[{"start":{"line":15,"column":50},"end":{"line":15,"column":60}}]},"3":{"type":"branch","line":15,"loc":{"start":{"line":15,"column":58},"end":{"line":26,"column":1}},"locations":[{"start":{"line":15,"column":58},"end":{"line":26,"column":1}}]},"4":{"type":"branch","line":17,"loc":{"start":{"line":17,"column":50},"end":{"line":17,"column":65}},"locations":[{"start":{"line":17,"column":50},"end":{"line":17,"column":65}}]},"5":{"type":"branch","line":18,"loc":{"start":{"line":18,"column":50},"end":{"line":18,"column":79}},"locations":[{"start":{"line":18,"column":50},"end":{"line":18,"column":79}}]},"6":{"type":"branch","line":20,"loc":{"start":{"line":20,"column":19},"end":{"line":25,"column":3}},"locations":[{"start":{"line":20,"column":19},"end":{"line":25,"column":3}}]},"7":{"type":"branch","line":21,"loc":{"start":{"line":21,"column":27},"end":{"line":21,"column":41}},"locations":[{"start":{"line":21,"column":27},"end":{"line":21,"column":41}}]},"8":{"type":"branch","line":23,"loc":{"start":{"line":23,"column":18},"end":{"line":23,"column":50}},"locations":[{"start":{"line":23,"column":18},"end":{"line":23,"column":50}}]},"9":{"type":"branch","line":23,"loc":{"start":{"line":23,"column":39},"end":{"line":23,"column":74}},"locations":[{"start":{"line":23,"column":39},"end":{"line":23,"column":74}}]},"10":{"type":"branch","line":23,"loc":{"start":{"line":23,"column":62},"end":{"line":23,"column":84}},"locations":[{"start":{"line":23,"column":62},"end":{"line":23,"column":84}}]},"11":{"type":"branch","line":23,"loc":{"start":{"line":23,"column":74},"end":{"line":23,"column":93}},"locations":[{"start":{"line":23,"column":74},"end":{"line":23,"column":93}}]}},"b":{"0":[44],"1":[24],"2":[21],"3":[23],"4":[44],"5":[43],"6":[44],"7":[1],"8":[26],"9":[25],"10":[24],"11":[20]},"fnMap":{"0":{"name":"parseCommandParameters","decl":{"start":{"line":14,"column":7},"end":{"line":26,"column":1}},"loc":{"start":{"line":14,"column":7},"end":{"line":26,"column":1}},"line":14}},"f":{"0":44}}
,"/home/ayan/ground-station/frontend/mcc/src/utils/lockout.ts": {"path":"/home/ayan/ground-station/frontend/mcc/src/utils/lockout.ts","all":false,"statementMap":{"0":{"start":{"line":1,"column":0},"end":{"line":1,"column":42}},"2":{"start":{"line":3,"column":0},"end":{"line":3,"column":71}},"3":{"start":{"line":4,"column":0},"end":{"line":4,"column":80}},"4":{"start":{"line":5,"column":0},"end":{"line":5,"column":82}},"5":{"start":{"line":6,"column":0},"end":{"line":6,"column":36}},"6":{"start":{"line":7,"column":0},"end":{"line":7,"column":1}}},"s":{"0":1,"2":1,"3":43,"4":43,"5":43,"6":43},"branchMap":{"0":{"type":"branch","line":3,"loc":{"start":{"line":3,"column":7},"end":{"line":7,"column":1}},"locations":[{"start":{"line":3,"column":7},"end":{"line":7,"column":1}}]},"1":{"type":"branch","line":4,"loc":{"start":{"line":4,"column":37},"end":{"line":4,"column":70}},"locations":[{"start":{"line":4,"column":37},"end":{"line":4,"column":70}}]},"2":{"type":"branch","line":4,"loc":{"start":{"line":4,"column":66},"end":{"line":4,"column":80}},"locations":[{"start":{"line":4,"column":66},"end":{"line":4,"column":80}}]}},"b":{"0":[43],"1":[42],"2":[1]},"fnMap":{"0":{"name":"isSessionLockedOut","decl":{"start":{"line":3,"column":7},"end":{"line":7,"column":1}},"loc":{"start":{"line":3,"column":7},"end":{"line":7,"column":1}},"line":3}},"f":{"0":43}}
,"/home/ayan/ground-station/frontend/mcc/src/utils/nav-links.ts": {"path":"/home/ayan/ground-station/frontend/mcc/src/utils/nav-links.ts","all":false,"statementMap":{"9":{"start":{"line":10,"column":0},"end":{"line":10,"column":44}},"10":{"start":{"line":11,"column":0},"end":{"line":11,"column":3}},"11":{"start":{"line":12,"column":0},"end":{"line":12,"column":22}},"12":{"start":{"line":13,"column":0},"end":{"line":13,"column":13}},"13":{"start":{"line":14,"column":0},"end":{"line":14,"column":4}},"14":{"start":{"line":15,"column":0},"end":{"line":15,"column":3}},"15":{"start":{"line":16,"column":0},"end":{"line":16,"column":21}},"16":{"start":{"line":17,"column":0},"end":{"line":17,"column":21}},"17":{"start":{"line":18,"column":0},"end":{"line":18,"column":4}},"18":{"start":{"line":19,"column":0},"end":{"line":19,"column":3}},"19":{"start":{"line":20,"column":0},"end":{"line":20,"column":22}},"20":{"start":{"line":21,"column":0},"end":{"line":21,"column":22}},"21":{"start":{"line":22,"column":0},"end":{"line":22,"column":4}},"22":{"start":{"line":23,"column":0},"end":{"line":23,"column":3}},"23":{"start":{"line":24,"column":0},"end":{"line":24,"column":26}},"24":{"start":{"line":25,"column":0},"end":{"line":25,"column":26}},"25":{"start":{"line":26,"column":0},"end":{"line":26,"column":4}},"26":{"start":{"line":27,"column":0},"end":{"line":27,"column":3}},"27":{"start":{"line":28,"column":0},"end":{"line":28,"column":22}},"28":{"start":{"line":29,"column":0},"end":{"line":29,"column":22}},"29":{"start":{"line":30,"column":0},"end":{"line":30,"column":4}},"30":{"start":{"line":31,"column":0},"end":{"line":31,"column":3}},"31":{"start":{"line":32,"column":0},"end":{"line":32,"column":19}},"32":{"start":{"line":33,"column":0},"end":{"line":33,"column":19}},"33":{"start":{"line":34,"column":0},"end":{"line":34,"column":4}},"34":{"start":{"line":35,"column":0},"end":{"line":35,"column":2}}},"s":{"9":1,"10":1,"11":1,"12":1,"13":1,"14":1,"15":1,"16":1,"17":1,"18":1,"19":1,"20":1,"21":1,"22":1,"23":1,"24":1,"25":1,"26":1,"27":1,"28":1,"29":1,"30":1,"31":1,"32":1,"33":1,"34":1},"branchMap":{},"b":{},"fnMap":{},"f":{}}
,"/home/ayan/ground-station/frontend/mcc/src/utils/types.ts": {"path":"/home/ayan/ground-station/frontend/mcc/src/utils/types.ts","all":true,"statementMap":{},"s":{},"branchMap":{"0":{"type":"branch","line":1,"loc":{"start":{"line":1,"column":1831},"end":{"line":90,"column":1}},"locations":[{"start":{"line":1,"column":1831},"end":{"line":90,"column":1}}]}},"b":{"0":[1]},"fnMap":{"0":{"name":"(empty-report)","decl":{"start":{"line":1,"column":1831},"end":{"line":90,"column":1}},"loc":{"start":{"line":1,"column":1831},"end":{"line":90,"column":1}},"line":1}},"f":{"0":1}}
}
